This is pdfTeX, Version 3.14159265-2.6-1.40.19 (MiKTeX 2.9.6930 64-bit) (preloaded format=pdflatex 2019.2.27)  7 MAR 2019 19:12
entering extended mode
**./main.tex
(main.tex
LaTeX2e <2018-12-01>

("C:\Users\Labis Papakwstas\AppData\Local\Programs\MiKTeX 2.9\tex/latex/base\re
port.cls"
Document Class: report 2018/09/03 v1.4i Standard LaTeX document class

("C:\Users\Labis Papakwstas\AppData\Local\Programs\MiKTeX 2.9\tex/latex/base\si
ze12.clo"
File: size12.clo 2018/09/03 v1.4i Standard LaTeX file (size option)
)
\c@part=\count80
\c@chapter=\count81
\c@section=\count82
\c@subsection=\count83
\c@subsubsection=\count84
\c@paragraph=\count85
\c@subparagraph=\count86
\c@figure=\count87
\c@table=\count88
\abovecaptionskip=\skip41
\belowcaptionskip=\skip42
\bibindent=\dimen102
)
("C:\Users\Labis Papakwstas\AppData\Local\Programs\MiKTeX 2.9\tex/latex/base\in
putenc.sty"
Package: inputenc 2018/08/11 v1.3c Input encoding file
\inpenc@prehook=\toks14
\inpenc@posthook=\toks15
)
("C:\Users\Labis Papakwstas\AppData\Local\Programs\MiKTeX 2.9\tex/generic/babel
\babel.sty"
Package: babel 2018/11/13 3.27 The Babel package

("C:\Users\Labis Papakwstas\AppData\Local\Programs\MiKTeX 2.9\tex/generic/babel
\switch.def"
File: switch.def 2018/11/13 3.27 Babel switching mechanism
)
*************************************
* Local config file bblopts.cfg used
*

("C:\Users\Labis Papakwstas\AppData\Local\Programs\MiKTeX 2.9\tex/latex/arabi\b
blopts.cfg"
File: bblopts.cfg 2005/09/08 v0.1 add Arabic and Farsi to "declared" options of
 babel
)
("C:\Users\Labis Papakwstas\AppData\Local\Programs\MiKTeX 2.9\tex/latex/babel-e
nglish\english.ldf"
Language: english 2017/06/06 v3.3r English support from the babel system

("C:\Users\Labis Papakwstas\AppData\Local\Programs\MiKTeX 2.9\tex/generic/babel
\babel.def"
File: babel.def 2018/11/13 3.27 Babel common definitions
\babel@savecnt=\count89
\U@D=\dimen103

("C:\Users\Labis Papakwstas\AppData\Local\Programs\MiKTeX 2.9\tex/generic/babel
\txtbabel.def")
\bbl@dirlevel=\count90
)
\l@canadian = a dialect from \language\l@american 
\l@australian = a dialect from \language\l@british 
\l@newzealand = a dialect from \language\l@british 
)
("C:\Users\Labis Papakwstas\AppData\Local\Programs\MiKTeX 2.9\tex/latex/babel-g
reek\greek.ldf"
Language: greek 2016/09/07 v1.9g Greek support for the babel system
\bbl@monogreek=\count91
\bbl@polygreek=\count92
\bbl@ancientgreek=\count93

("C:\Users\Labis Papakwstas\AppData\Local\Programs\MiKTeX 2.9\tex/latex/greek-f
ontenc\lgrenc.def"
File: lgrenc.def 2015/12/07 v0.13.1 LGR Greek font encoding definitions
Now handling font encoding LGR ...
... processing UTF-8 mapping file for font encoding LGR

("C:\Users\Labis Papakwstas\AppData\Local\Programs\MiKTeX 2.9\tex/latex/greek-i
nputenc\lgrenc.dfu"
File: lgrenc.dfu 2015/08/05 1.6 UTF-8 support for Greek
   defining Unicode char U+00A8 (decimal 168)
   defining Unicode char U+00AB (decimal 171)
   defining Unicode char U+00AF (decimal 175)
   defining Unicode char U+00B4 (decimal 180)
   defining Unicode char U+00B7 (decimal 183)
   defining Unicode char U+00BB (decimal 187)
   defining Unicode char U+0259 (decimal 601)
   defining Unicode char U+02D8 (decimal 728)
   defining Unicode char U+2013 (decimal 8211)
   defining Unicode char U+2014 (decimal 8212)
   defining Unicode char U+2018 (decimal 8216)
   defining Unicode char U+2019 (decimal 8217)
   defining Unicode char U+201A (decimal 8218)
   defining Unicode char U+2030 (decimal 8240)
   defining Unicode char U+2039 (decimal 8249)
   defining Unicode char U+203A (decimal 8250)
   defining Unicode char U+20AC (decimal 8364)
   defining Unicode char U+0374 (decimal 884)
   defining Unicode char U+0375 (decimal 885)
   defining Unicode char U+037A (decimal 890)
   defining Unicode char U+037E (decimal 894)
   defining Unicode char U+0384 (decimal 900)
   defining Unicode char U+0385 (decimal 901)
   defining Unicode char U+0386 (decimal 902)
   defining Unicode char U+0387 (decimal 903)
   defining Unicode char U+0388 (decimal 904)
   defining Unicode char U+0389 (decimal 905)
   defining Unicode char U+038A (decimal 906)
   defining Unicode char U+038C (decimal 908)
   defining Unicode char U+038E (decimal 910)
   defining Unicode char U+038F (decimal 911)
   defining Unicode char U+0390 (decimal 912)
   defining Unicode char U+0391 (decimal 913)
   defining Unicode char U+0392 (decimal 914)
   defining Unicode char U+0393 (decimal 915)
   defining Unicode char U+0394 (decimal 916)
   defining Unicode char U+0395 (decimal 917)
   defining Unicode char U+0396 (decimal 918)
   defining Unicode char U+0397 (decimal 919)
   defining Unicode char U+0398 (decimal 920)
   defining Unicode char U+0399 (decimal 921)
   defining Unicode char U+039A (decimal 922)
   defining Unicode char U+039B (decimal 923)
   defining Unicode char U+039C (decimal 924)
   defining Unicode char U+039D (decimal 925)
   defining Unicode char U+039E (decimal 926)
   defining Unicode char U+039F (decimal 927)
   defining Unicode char U+03A0 (decimal 928)
   defining Unicode char U+03A1 (decimal 929)
   defining Unicode char U+03A3 (decimal 931)
   defining Unicode char U+03A4 (decimal 932)
   defining Unicode char U+03A5 (decimal 933)
   defining Unicode char U+03A6 (decimal 934)
   defining Unicode char U+03A7 (decimal 935)
   defining Unicode char U+03A8 (decimal 936)
   defining Unicode char U+03A9 (decimal 937)
   defining Unicode char U+03AA (decimal 938)
   defining Unicode char U+03AB (decimal 939)
   defining Unicode char U+03AC (decimal 940)
   defining Unicode char U+03AD (decimal 941)
   defining Unicode char U+03AE (decimal 942)
   defining Unicode char U+03AF (decimal 943)
   defining Unicode char U+03B0 (decimal 944)
   defining Unicode char U+03B1 (decimal 945)
   defining Unicode char U+03B2 (decimal 946)
   defining Unicode char U+03B3 (decimal 947)
   defining Unicode char U+03B4 (decimal 948)
   defining Unicode char U+03B5 (decimal 949)
   defining Unicode char U+03B6 (decimal 950)
   defining Unicode char U+03B7 (decimal 951)
   defining Unicode char U+03B8 (decimal 952)
   defining Unicode char U+03B9 (decimal 953)
   defining Unicode char U+03BA (decimal 954)
   defining Unicode char U+03BB (decimal 955)
   defining Unicode char U+03BC (decimal 956)
   defining Unicode char U+03BD (decimal 957)
   defining Unicode char U+03BE (decimal 958)
   defining Unicode char U+03BF (decimal 959)
   defining Unicode char U+03C0 (decimal 960)
   defining Unicode char U+03C1 (decimal 961)
   defining Unicode char U+03C2 (decimal 962)
   defining Unicode char U+03C3 (decimal 963)
   defining Unicode char U+03C4 (decimal 964)
   defining Unicode char U+03C5 (decimal 965)
   defining Unicode char U+03C6 (decimal 966)
   defining Unicode char U+03C7 (decimal 967)
   defining Unicode char U+03C8 (decimal 968)
   defining Unicode char U+03C9 (decimal 969)
   defining Unicode char U+03CA (decimal 970)
   defining Unicode char U+03CB (decimal 971)
   defining Unicode char U+03CC (decimal 972)
   defining Unicode char U+03CD (decimal 973)
   defining Unicode char U+03CE (decimal 974)
   defining Unicode char U+03D0 (decimal 976)
   defining Unicode char U+03D1 (decimal 977)
   defining Unicode char U+03D5 (decimal 981)
   defining Unicode char U+03D6 (decimal 982)
   defining Unicode char U+03D8 (decimal 984)
   defining Unicode char U+03D9 (decimal 985)
   defining Unicode char U+03DA (decimal 986)
   defining Unicode char U+03DB (decimal 987)
   defining Unicode char U+03DC (decimal 988)
   defining Unicode char U+03DD (decimal 989)
   defining Unicode char U+03DF (decimal 991)
   defining Unicode char U+03E0 (decimal 992)
   defining Unicode char U+03E1 (decimal 993)
   defining Unicode char U+03F0 (decimal 1008)
   defining Unicode char U+03F1 (decimal 1009)
   defining Unicode char U+03F4 (decimal 1012)
   defining Unicode char U+03F5 (decimal 1013)
   defining Unicode char U+1F00 (decimal 7936)
   defining Unicode char U+1F01 (decimal 7937)
   defining Unicode char U+1F02 (decimal 7938)
   defining Unicode char U+1F03 (decimal 7939)
   defining Unicode char U+1F04 (decimal 7940)
   defining Unicode char U+1F05 (decimal 7941)
   defining Unicode char U+1F06 (decimal 7942)
   defining Unicode char U+1F07 (decimal 7943)
   defining Unicode char U+1F08 (decimal 7944)
   defining Unicode char U+1F09 (decimal 7945)
   defining Unicode char U+1F0A (decimal 7946)
   defining Unicode char U+1F0B (decimal 7947)
   defining Unicode char U+1F0C (decimal 7948)
   defining Unicode char U+1F0D (decimal 7949)
   defining Unicode char U+1F0E (decimal 7950)
   defining Unicode char U+1F0F (decimal 7951)
   defining Unicode char U+1F10 (decimal 7952)
   defining Unicode char U+1F11 (decimal 7953)
   defining Unicode char U+1F12 (decimal 7954)
   defining Unicode char U+1F13 (decimal 7955)
   defining Unicode char U+1F14 (decimal 7956)
   defining Unicode char U+1F15 (decimal 7957)
   defining Unicode char U+1F18 (decimal 7960)
   defining Unicode char U+1F19 (decimal 7961)
   defining Unicode char U+1F1A (decimal 7962)
   defining Unicode char U+1F1B (decimal 7963)
   defining Unicode char U+1F1C (decimal 7964)
   defining Unicode char U+1F1D (decimal 7965)
   defining Unicode char U+1F20 (decimal 7968)
   defining Unicode char U+1F21 (decimal 7969)
   defining Unicode char U+1F22 (decimal 7970)
   defining Unicode char U+1F23 (decimal 7971)
   defining Unicode char U+1F24 (decimal 7972)
   defining Unicode char U+1F25 (decimal 7973)
   defining Unicode char U+1F26 (decimal 7974)
   defining Unicode char U+1F27 (decimal 7975)
   defining Unicode char U+1F28 (decimal 7976)
   defining Unicode char U+1F29 (decimal 7977)
   defining Unicode char U+1F2A (decimal 7978)
   defining Unicode char U+1F2B (decimal 7979)
   defining Unicode char U+1F2C (decimal 7980)
   defining Unicode char U+1F2D (decimal 7981)
   defining Unicode char U+1F2E (decimal 7982)
   defining Unicode char U+1F2F (decimal 7983)
   defining Unicode char U+1F30 (decimal 7984)
   defining Unicode char U+1F31 (decimal 7985)
   defining Unicode char U+1F32 (decimal 7986)
   defining Unicode char U+1F33 (decimal 7987)
   defining Unicode char U+1F34 (decimal 7988)
   defining Unicode char U+1F35 (decimal 7989)
   defining Unicode char U+1F36 (decimal 7990)
   defining Unicode char U+1F37 (decimal 7991)
   defining Unicode char U+1F38 (decimal 7992)
   defining Unicode char U+1F39 (decimal 7993)
   defining Unicode char U+1F3A (decimal 7994)
   defining Unicode char U+1F3B (decimal 7995)
   defining Unicode char U+1F3C (decimal 7996)
   defining Unicode char U+1F3D (decimal 7997)
   defining Unicode char U+1F3E (decimal 7998)
   defining Unicode char U+1F3F (decimal 7999)
   defining Unicode char U+1F40 (decimal 8000)
   defining Unicode char U+1F41 (decimal 8001)
   defining Unicode char U+1F42 (decimal 8002)
   defining Unicode char U+1F43 (decimal 8003)
   defining Unicode char U+1F44 (decimal 8004)
   defining Unicode char U+1F45 (decimal 8005)
   defining Unicode char U+1F48 (decimal 8008)
   defining Unicode char U+1F49 (decimal 8009)
   defining Unicode char U+1F4A (decimal 8010)
   defining Unicode char U+1F4B (decimal 8011)
   defining Unicode char U+1F4C (decimal 8012)
   defining Unicode char U+1F4D (decimal 8013)
   defining Unicode char U+1F50 (decimal 8016)
   defining Unicode char U+1F51 (decimal 8017)
   defining Unicode char U+1F52 (decimal 8018)
   defining Unicode char U+1F53 (decimal 8019)
   defining Unicode char U+1F54 (decimal 8020)
   defining Unicode char U+1F55 (decimal 8021)
   defining Unicode char U+1F56 (decimal 8022)
   defining Unicode char U+1F57 (decimal 8023)
   defining Unicode char U+1F59 (decimal 8025)
   defining Unicode char U+1F5B (decimal 8027)
   defining Unicode char U+1F5D (decimal 8029)
   defining Unicode char U+1F5F (decimal 8031)
   defining Unicode char U+1F60 (decimal 8032)
   defining Unicode char U+1F61 (decimal 8033)
   defining Unicode char U+1F62 (decimal 8034)
   defining Unicode char U+1F63 (decimal 8035)
   defining Unicode char U+1F64 (decimal 8036)
   defining Unicode char U+1F65 (decimal 8037)
   defining Unicode char U+1F66 (decimal 8038)
   defining Unicode char U+1F67 (decimal 8039)
   defining Unicode char U+1F68 (decimal 8040)
   defining Unicode char U+1F69 (decimal 8041)
   defining Unicode char U+1F6A (decimal 8042)
   defining Unicode char U+1F6B (decimal 8043)
   defining Unicode char U+1F6C (decimal 8044)
   defining Unicode char U+1F6D (decimal 8045)
   defining Unicode char U+1F6E (decimal 8046)
   defining Unicode char U+1F6F (decimal 8047)
   defining Unicode char U+1F70 (decimal 8048)
   defining Unicode char U+1F71 (decimal 8049)
   defining Unicode char U+1F72 (decimal 8050)
   defining Unicode char U+1F73 (decimal 8051)
   defining Unicode char U+1F74 (decimal 8052)
   defining Unicode char U+1F75 (decimal 8053)
   defining Unicode char U+1F76 (decimal 8054)
   defining Unicode char U+1F77 (decimal 8055)
   defining Unicode char U+1F78 (decimal 8056)
   defining Unicode char U+1F79 (decimal 8057)
   defining Unicode char U+1F7A (decimal 8058)
   defining Unicode char U+1F7B (decimal 8059)
   defining Unicode char U+1F7C (decimal 8060)
   defining Unicode char U+1F7D (decimal 8061)
   defining Unicode char U+1F80 (decimal 8064)
   defining Unicode char U+1F81 (decimal 8065)
   defining Unicode char U+1F82 (decimal 8066)
   defining Unicode char U+1F83 (decimal 8067)
   defining Unicode char U+1F84 (decimal 8068)
   defining Unicode char U+1F85 (decimal 8069)
   defining Unicode char U+1F86 (decimal 8070)
   defining Unicode char U+1F87 (decimal 8071)
   defining Unicode char U+1F88 (decimal 8072)
   defining Unicode char U+1F89 (decimal 8073)
   defining Unicode char U+1F8A (decimal 8074)
   defining Unicode char U+1F8B (decimal 8075)
   defining Unicode char U+1F8C (decimal 8076)
   defining Unicode char U+1F8D (decimal 8077)
   defining Unicode char U+1F8E (decimal 8078)
   defining Unicode char U+1F8F (decimal 8079)
   defining Unicode char U+1F90 (decimal 8080)
   defining Unicode char U+1F91 (decimal 8081)
   defining Unicode char U+1F92 (decimal 8082)
   defining Unicode char U+1F93 (decimal 8083)
   defining Unicode char U+1F94 (decimal 8084)
   defining Unicode char U+1F95 (decimal 8085)
   defining Unicode char U+1F96 (decimal 8086)
   defining Unicode char U+1F97 (decimal 8087)
   defining Unicode char U+1F98 (decimal 8088)
   defining Unicode char U+1F99 (decimal 8089)
   defining Unicode char U+1F9A (decimal 8090)
   defining Unicode char U+1F9B (decimal 8091)
   defining Unicode char U+1F9C (decimal 8092)
   defining Unicode char U+1F9D (decimal 8093)
   defining Unicode char U+1F9E (decimal 8094)
   defining Unicode char U+1F9F (decimal 8095)
   defining Unicode char U+1FA0 (decimal 8096)
   defining Unicode char U+1FA1 (decimal 8097)
   defining Unicode char U+1FA2 (decimal 8098)
   defining Unicode char U+1FA3 (decimal 8099)
   defining Unicode char U+1FA4 (decimal 8100)
   defining Unicode char U+1FA5 (decimal 8101)
   defining Unicode char U+1FA6 (decimal 8102)
   defining Unicode char U+1FA7 (decimal 8103)
   defining Unicode char U+1FA8 (decimal 8104)
   defining Unicode char U+1FA9 (decimal 8105)
   defining Unicode char U+1FAA (decimal 8106)
   defining Unicode char U+1FAB (decimal 8107)
   defining Unicode char U+1FAC (decimal 8108)
   defining Unicode char U+1FAD (decimal 8109)
   defining Unicode char U+1FAE (decimal 8110)
   defining Unicode char U+1FAF (decimal 8111)
   defining Unicode char U+1FB0 (decimal 8112)
   defining Unicode char U+1FB1 (decimal 8113)
   defining Unicode char U+1FB2 (decimal 8114)
   defining Unicode char U+1FB3 (decimal 8115)
   defining Unicode char U+1FB4 (decimal 8116)
   defining Unicode char U+1FB6 (decimal 8118)
   defining Unicode char U+1FB7 (decimal 8119)
   defining Unicode char U+1FB8 (decimal 8120)
   defining Unicode char U+1FB9 (decimal 8121)
   defining Unicode char U+1FBA (decimal 8122)
   defining Unicode char U+1FBB (decimal 8123)
   defining Unicode char U+1FBC (decimal 8124)
   defining Unicode char U+1FBD (decimal 8125)
   defining Unicode char U+1FBE (decimal 8126)
   defining Unicode char U+1FBF (decimal 8127)
   defining Unicode char U+1FC0 (decimal 8128)
   defining Unicode char U+1FC1 (decimal 8129)
   defining Unicode char U+1FC2 (decimal 8130)
   defining Unicode char U+1FC3 (decimal 8131)
   defining Unicode char U+1FC4 (decimal 8132)
   defining Unicode char U+1FC6 (decimal 8134)
   defining Unicode char U+1FC7 (decimal 8135)
   defining Unicode char U+1FC8 (decimal 8136)
   defining Unicode char U+1FC9 (decimal 8137)
   defining Unicode char U+1FCA (decimal 8138)
   defining Unicode char U+1FCB (decimal 8139)
   defining Unicode char U+1FCC (decimal 8140)
   defining Unicode char U+1FCD (decimal 8141)
   defining Unicode char U+1FCE (decimal 8142)
   defining Unicode char U+1FCF (decimal 8143)
   defining Unicode char U+1FD0 (decimal 8144)
   defining Unicode char U+1FD1 (decimal 8145)
   defining Unicode char U+1FD2 (decimal 8146)
   defining Unicode char U+1FD3 (decimal 8147)
   defining Unicode char U+1FD6 (decimal 8150)
   defining Unicode char U+1FD7 (decimal 8151)
   defining Unicode char U+1FD8 (decimal 8152)
   defining Unicode char U+1FD9 (decimal 8153)
   defining Unicode char U+1FDA (decimal 8154)
   defining Unicode char U+1FDB (decimal 8155)
   defining Unicode char U+1FDD (decimal 8157)
   defining Unicode char U+1FDE (decimal 8158)
   defining Unicode char U+1FDF (decimal 8159)
   defining Unicode char U+1FE0 (decimal 8160)
   defining Unicode char U+1FE1 (decimal 8161)
   defining Unicode char U+1FE2 (decimal 8162)
   defining Unicode char U+1FE3 (decimal 8163)
   defining Unicode char U+1FE4 (decimal 8164)
   defining Unicode char U+1FE5 (decimal 8165)
   defining Unicode char U+1FE6 (decimal 8166)
   defining Unicode char U+1FE7 (decimal 8167)
   defining Unicode char U+1FE8 (decimal 8168)
   defining Unicode char U+1FE9 (decimal 8169)
   defining Unicode char U+1FEA (decimal 8170)
   defining Unicode char U+1FEB (decimal 8171)
   defining Unicode char U+1FEC (decimal 8172)
   defining Unicode char U+1FED (decimal 8173)
   defining Unicode char U+1FEE (decimal 8174)
   defining Unicode char U+1FEF (decimal 8175)
   defining Unicode char U+1FF2 (decimal 8178)
   defining Unicode char U+1FF3 (decimal 8179)
   defining Unicode char U+1FF4 (decimal 8180)
   defining Unicode char U+1FF6 (decimal 8182)
   defining Unicode char U+1FF7 (decimal 8183)
   defining Unicode char U+1FF8 (decimal 8184)
   defining Unicode char U+1FF9 (decimal 8185)
   defining Unicode char U+1FFA (decimal 8186)
   defining Unicode char U+1FFB (decimal 8187)
   defining Unicode char U+1FFC (decimal 8188)
   defining Unicode char U+1FFD (decimal 8189)
   defining Unicode char U+1FFE (decimal 8190)
   defining Unicode char U+2013 (decimal 8211)
   defining Unicode char U+2014 (decimal 8212)
   defining Unicode char U+2018 (decimal 8216)
   defining Unicode char U+2019 (decimal 8217)
   defining Unicode char U+2030 (decimal 8240)
   defining Unicode char U+20AC (decimal 8364)
   defining Unicode char U+2126 (decimal 8486)
   defining Unicode char U+10144 (decimal 65860)
   defining Unicode char U+10145 (decimal 65861)
   defining Unicode char U+10146 (decimal 65862)
   defining Unicode char U+10147 (decimal 65863)
)
("C:\Users\Labis Papakwstas\AppData\Local\Programs\MiKTeX 2.9\tex/latex/greek-f
ontenc\greek-fontenc.def"
File: greek-fontenc.def 2015/08/04 v0.13 Common Greek font encoding definitions

))
LaTeX Info: Composite with undeclared \< in encoding LGR on input line 418.
LaTeX Info: Composite with undeclared \> in encoding LGR on input line 418.
))
("C:\Users\Labis Papakwstas\AppData\Local\Programs\MiKTeX 2.9\tex/latex/greek-f
ontenc\alphabeta.sty"
Package: alphabeta 2016/02/05 v0.13.2 macros for Greek letters in text and math


("C:\Users\Labis Papakwstas\AppData\Local\Programs\MiKTeX 2.9\tex/latex/greek-f
ontenc\textalpha.sty"
Package: textalpha 2016/02/05 v0.13.2 macros for Greek letters in text
))
("C:\Users\Labis Papakwstas\AppData\Local\Programs\MiKTeX 2.9\tex/latex/subfile
s\subfiles.sty"
Package: subfiles 2018/07/31 Federico Garcia, Gernot Salzer

("C:\Users\Labis Papakwstas\AppData\Local\Programs\MiKTeX 2.9\tex/latex/tools\v
erbatim.sty"
Package: verbatim 2014/10/28 v1.5q LaTeX2e package for verbatim enhancements
\every@verbatim=\toks16
\verbatim@line=\toks17
\verbatim@in@stream=\read1
))
("C:\Users\Labis Papakwstas\AppData\Local\Programs\MiKTeX 2.9\tex/latex/ms\ragg
ed2e.sty"
Package: ragged2e 2009/05/21 v2.1 ragged2e Package (MS)


LaTeX Warning: Command \@arrayparboxrestore  has changed.
               Check if current package is valid.


("C:\Users\Labis Papakwstas\AppData\Local\Programs\MiKTeX 2.9\tex/latex/ms\ever
ysel.sty"
Package: everysel 2011/10/28 v1.2 EverySelectfont Package (MS)
)
("C:\Users\Labis Papakwstas\AppData\Local\Programs\MiKTeX 2.9\tex/latex/footmis
c\footmisc.sty"
Package: footmisc 2011/06/06 v5.5b a miscellany of footnote facilities
\FN@temptoken=\toks18
\footnotemargin=\dimen104
\c@pp@next@reset=\count94
Package footmisc Info: Declaring symbol style bringhurst on input line 855.
Package footmisc Info: Declaring symbol style chicago on input line 863.
Package footmisc Info: Declaring symbol style wiley on input line 872.
Package footmisc Info: Declaring symbol style lamport-robust on input line 883.

Package footmisc Info: Declaring symbol style lamport* on input line 903.
Package footmisc Info: Declaring symbol style lamport*-robust on input line 924
.
)
\CenteringLeftskip=\skip43
\RaggedLeftLeftskip=\skip44
\RaggedRightLeftskip=\skip45
\CenteringRightskip=\skip46
\RaggedLeftRightskip=\skip47
\RaggedRightRightskip=\skip48
\CenteringParfillskip=\skip49
\RaggedLeftParfillskip=\skip50
\RaggedRightParfillskip=\skip51
\JustifyingParfillskip=\skip52
\CenteringParindent=\skip53
\RaggedLeftParindent=\skip54
\RaggedRightParindent=\skip55
\JustifyingParindent=\skip56
)
("C:\Users\Labis Papakwstas\AppData\Local\Programs\MiKTeX 2.9\tex/latex/amsmath
\amsmath.sty"
Package: amsmath 2018/12/01 v2.17b AMS math features
\@mathmargin=\skip57

For additional information on amsmath, use the `?' option.

("C:\Users\Labis Papakwstas\AppData\Local\Programs\MiKTeX 2.9\tex/latex/amsmath
\amstext.sty"
Package: amstext 2000/06/29 v2.01 AMS text

("C:\Users\Labis Papakwstas\AppData\Local\Programs\MiKTeX 2.9\tex/latex/amsmath
\amsgen.sty"
File: amsgen.sty 1999/11/30 v2.0 generic functions
\@emptytoks=\toks19
\ex@=\dimen105
))
("C:\Users\Labis Papakwstas\AppData\Local\Programs\MiKTeX 2.9\tex/latex/amsmath
\amsbsy.sty"
Package: amsbsy 1999/11/29 v1.2d Bold Symbols
\pmbraise@=\dimen106
)
("C:\Users\Labis Papakwstas\AppData\Local\Programs\MiKTeX 2.9\tex/latex/amsmath
\amsopn.sty"
Package: amsopn 2016/03/08 v2.02 operator names
)
\inf@bad=\count95
LaTeX Info: Redefining \frac on input line 223.
\uproot@=\count96
\leftroot@=\count97
LaTeX Info: Redefining \overline on input line 385.
\classnum@=\count98
\DOTSCASE@=\count99
LaTeX Info: Redefining \ldots on input line 482.
LaTeX Info: Redefining \dots on input line 485.
LaTeX Info: Redefining \cdots on input line 606.
\Mathstrutbox@=\box27
\strutbox@=\box28
\big@size=\dimen107
LaTeX Font Info:    Redeclaring font encoding OML on input line 729.
LaTeX Font Info:    Redeclaring font encoding OMS on input line 730.
\macc@depth=\count100
\c@MaxMatrixCols=\count101
\dotsspace@=\muskip10
\c@parentequation=\count102
\dspbrk@lvl=\count103
\tag@help=\toks20
\row@=\count104
\column@=\count105
\maxfields@=\count106
\andhelp@=\toks21
\eqnshift@=\dimen108
\alignsep@=\dimen109
\tagshift@=\dimen110
\tagwidth@=\dimen111
\totwidth@=\dimen112
\lineht@=\dimen113
\@envbody=\toks22
\multlinegap=\skip58
\multlinetaggap=\skip59
\mathdisplay@stack=\toks23
LaTeX Info: Redefining \[ on input line 2844.
LaTeX Info: Redefining \] on input line 2845.
)
("C:\Users\Labis Papakwstas\AppData\Local\Programs\MiKTeX 2.9\tex/latex/amsfont
s\amsfonts.sty"
Package: amsfonts 2013/01/14 v3.01 Basic AMSFonts support
\symAMSa=\mathgroup4
\symAMSb=\mathgroup5
LaTeX Font Info:    Overwriting math alphabet `\mathfrak' in version `bold'
(Font)                  U/euf/m/n --> U/euf/b/n on input line 106.
)
("C:\Users\Labis Papakwstas\AppData\Local\Programs\MiKTeX 2.9\tex/latex/chngcnt
r\chngcntr.sty"
Package: chngcntr 2018/04/09 v1.1a change counter resetting
Package chngcntr Info: \counterwithout already defined.
(chngcntr)             Quitting chngcntr on input line 21.
)
("C:\Users\Labis Papakwstas\AppData\Local\Programs\MiKTeX 2.9\tex/latex/moresiz
e\moresize.sty"
Package: moresize 1999/07/26 v1.9 (more font sizes)
)
("C:\Users\Labis Papakwstas\AppData\Local\Programs\MiKTeX 2.9\tex/latex/titlese
c\titlesec.sty"
Package: titlesec 2016/03/21 v2.10.2 Sectioning titles
\ttl@box=\box29
\beforetitleunit=\skip60
\aftertitleunit=\skip61
\ttl@plus=\dimen114
\ttl@minus=\dimen115
\ttl@toksa=\toks24
\titlewidth=\dimen116
\titlewidthlast=\dimen117
\titlewidthfirst=\dimen118
)
("C:\Users\Labis Papakwstas\AppData\Local\Programs\MiKTeX 2.9\tex/latex/url\url
.sty"
\Urlmuskip=\muskip11
Package: url 2013/09/16  ver 3.4  Verb mode for urls, etc.
)
("C:\Users\Labis Papakwstas\AppData\Local\Programs\MiKTeX 2.9\tex/latex/caption
\caption.sty"
Package: caption 2018/10/06 v3.3-154 Customizing captions (AR)

("C:\Users\Labis Papakwstas\AppData\Local\Programs\MiKTeX 2.9\tex/latex/caption
\caption3.sty"
Package: caption3 2018/09/12 v1.8c caption3 kernel (AR)
Package caption3 Info: TeX engine: e-TeX on input line 64.

("C:\Users\Labis Papakwstas\AppData\Local\Programs\MiKTeX 2.9\tex/latex/graphic
s\keyval.sty"
Package: keyval 2014/10/28 v1.15 key=value parser (DPC)
\KV@toks@=\toks25
)
\captionmargin=\dimen119
\captionmargin@=\dimen120
\captionwidth=\dimen121
\caption@tempdima=\dimen122
\caption@indent=\dimen123
\caption@parindent=\dimen124
\caption@hangindent=\dimen125
)
\c@caption@flags=\count107
\c@ContinuedFloat=\count108
)
("C:\Users\Labis Papakwstas\AppData\Local\Programs\MiKTeX 2.9\tex/latex/caption
\subcaption.sty"
Package: subcaption 2018/05/01 v1.1-162 Sub-captions (AR)
\c@subfigure=\count109
\c@subtable=\count110
)
("C:\Users\Labis Papakwstas\AppData\Local\Programs\MiKTeX 2.9\tex/latex/float\f
loat.sty"
Package: float 2001/11/08 v1.3d Float enhancements (AL)
\c@float@type=\count111
\float@exts=\toks26
\float@box=\box30
\@float@everytoks=\toks27
\@floatcapt=\box31
)
("C:\Users\Labis Papakwstas\AppData\Local\Programs\MiKTeX 2.9\tex/latex/listing
s\listings.sty"
\lst@mode=\count112
\lst@gtempboxa=\box32
\lst@token=\toks28
\lst@length=\count113
\lst@currlwidth=\dimen126
\lst@column=\count114
\lst@pos=\count115
\lst@lostspace=\dimen127
\lst@width=\dimen128
\lst@newlines=\count116
\lst@lineno=\count117
\lst@maxwidth=\dimen129

("C:\Users\Labis Papakwstas\AppData\Local\Programs\MiKTeX 2.9\tex/latex/listing
s\lstmisc.sty"
File: lstmisc.sty 2019/02/27 1.8b (Carsten Heinz)
\c@lstnumber=\count118
\lst@skipnumbers=\count119
\lst@framebox=\box33
)
("C:\Users\Labis Papakwstas\AppData\Local\Programs\MiKTeX 2.9\tex/latex/listing
s\listings.cfg"
File: listings.cfg 2019/02/27 1.8b listings configuration
))
Package: listings 2019/02/27 1.8b (Carsten Heinz)

("C:\Users\Labis Papakwstas\AppData\Local\Programs\MiKTeX 2.9\tex/latex/appendi
x\appendix.sty"
Package: appendix 2009/09/02 v1.2b extra appendix facilities
\c@@pps=\count120
\c@@ppsavesec=\count121
\c@@ppsaveapp=\count122
)
("C:\Users\Labis Papakwstas\AppData\Local\Programs\MiKTeX 2.9\tex/latex/minted\
minted.sty"
Package: minted 2017/07/19 v2.5 Yet another Pygments shim for LaTeX

("C:\Users\Labis Papakwstas\AppData\Local\Programs\MiKTeX 2.9\tex/latex/oberdie
k\kvoptions.sty"
Package: kvoptions 2016/05/16 v3.12 Key value format for package options (HO)

("C:\Users\Labis Papakwstas\AppData\Local\Programs\MiKTeX 2.9\tex/generic/oberd
iek\ltxcmds.sty"
Package: ltxcmds 2016/05/16 v1.23 LaTeX kernel commands for general use (HO)
)
("C:\Users\Labis Papakwstas\AppData\Local\Programs\MiKTeX 2.9\tex/generic/oberd
iek\kvsetkeys.sty"
Package: kvsetkeys 2016/05/16 v1.17 Key value parser (HO)

("C:\Users\Labis Papakwstas\AppData\Local\Programs\MiKTeX 2.9\tex/generic/oberd
iek\infwarerr.sty"
Package: infwarerr 2016/05/16 v1.4 Providing info/warning/error messages (HO)
)
("C:\Users\Labis Papakwstas\AppData\Local\Programs\MiKTeX 2.9\tex/generic/oberd
iek\etexcmds.sty"
Package: etexcmds 2016/05/16 v1.6 Avoid name clashes with e-TeX commands (HO)

("C:\Users\Labis Papakwstas\AppData\Local\Programs\MiKTeX 2.9\tex/generic/oberd
iek\ifluatex.sty"
Package: ifluatex 2016/05/16 v1.4 Provides the ifluatex switch (HO)
Package ifluatex Info: LuaTeX not detected.
))))
("C:\Users\Labis Papakwstas\AppData\Local\Programs\MiKTeX 2.9\tex/latex/fvextra
\fvextra.sty"
Package: fvextra 2019/02/04 v1.4 fvextra - extensions and patches for fancyvrb

("C:\Users\Labis Papakwstas\AppData\Local\Programs\MiKTeX 2.9\tex/latex/base\if
then.sty"
Package: ifthen 2014/09/29 v1.1c Standard LaTeX ifthen package (DPC)
)
("C:\Users\Labis Papakwstas\AppData\Local\Programs\MiKTeX 2.9\tex/latex/etoolbo
x\etoolbox.sty"
Package: etoolbox 2018/08/19 v2.5f e-TeX tools for LaTeX (JAW)
\etb@tempcnta=\count123
)
("C:\Users\Labis Papakwstas\AppData\Local\Programs\MiKTeX 2.9\tex/latex/fancyvr
b\fancyvrb.sty"
Package: fancyvrb 2019/01/15
 Style option: `fancyvrb' v3.2a <2019/01/15> (tvz)
\FV@CodeLineNo=\count124
\FV@InFile=\read2
\FV@TabBox=\box34
\c@FancyVerbLine=\count125
\FV@StepNumber=\count126
\FV@OutFile=\write3
)
("C:\Users\Labis Papakwstas\AppData\Local\Programs\MiKTeX 2.9\tex/latex/upquote
\upquote.sty"
Package: upquote 2012/04/19 v1.3 upright-quote and grave-accent glyphs in verba
tim
)
("C:\Users\Labis Papakwstas\AppData\Local\Programs\MiKTeX 2.9\tex/latex/lineno\
lineno.sty"
Package: lineno 2005/11/02 line numbers on paragraphs v4.41
\linenopenalty=\count127
\output=\toks29
\linenoprevgraf=\count128
\linenumbersep=\dimen130
\linenumberwidth=\dimen131
\c@linenumber=\count129
\c@pagewiselinenumber=\count130
\c@LN@truepage=\count131
\c@internallinenumber=\count132
\c@internallinenumbers=\count133
\quotelinenumbersep=\dimen132
\bframerule=\dimen133
\bframesep=\dimen134
\bframebox=\box35
LaTeX Info: Redefining \\ on input line 3056.
)
\c@FV@TrueTabGroupLevel=\count134
\c@FV@TrueTabCounter=\count135
\FV@TabBox@Group=\box36
\FV@TmpLength=\skip62
\c@FV@HighlightLinesStart=\count136
\c@FV@HighlightLinesStop=\count137
\FV@LoopCount=\count138
\FV@NCharsBox=\box37
\FV@BreakIndent=\dimen135
\FV@BreakIndentNChars=\count139
\FV@BreakSymbolSepLeft=\dimen136
\FV@BreakSymbolSepLeftNChars=\count140
\FV@BreakSymbolSepRight=\dimen137
\FV@BreakSymbolSepRightNChars=\count141
\FV@BreakSymbolIndentLeft=\dimen138
\FV@BreakSymbolIndentLeftNChars=\count142
\FV@BreakSymbolIndentRight=\dimen139
\FV@BreakSymbolIndentRightNChars=\count143
\c@FancyVerbLineBreakLast=\count144
\FV@LineBox=\box38
\FV@LineIndentBox=\box39
\FV@LineWidth=\dimen140
)
("C:\Users\Labis Papakwstas\AppData\Local\Programs\MiKTeX 2.9\tex/latex/tools\c
alc.sty"
Package: calc 2017/05/25 v4.3 Infix arithmetic (KKT,FJ)
\calc@Acount=\count145
\calc@Bcount=\count146
\calc@Adimen=\dimen141
\calc@Bdimen=\dimen142
\calc@Askip=\skip63
\calc@Bskip=\skip64
LaTeX Info: Redefining \setlength on input line 80.
LaTeX Info: Redefining \addtolength on input line 81.
\calc@Ccount=\count147
\calc@Cskip=\skip65
)
("C:\Users\Labis Papakwstas\AppData\Local\Programs\MiKTeX 2.9\tex/latex/tools\s
hellesc.sty"
Package: shellesc 2016/06/07 v0.02a unified shell escape interface for LaTeX
Package shellesc Info: Unrestricted shell escape enabled on input line 67.
)
("C:\Users\Labis Papakwstas\AppData\Local\Programs\MiKTeX 2.9\tex/latex/ifplatf
orm\ifplatform.sty"
Package: ifplatform 2017/10/13 v0.4a Testing for the operating system

("C:\Users\Labis Papakwstas\AppData\Local\Programs\MiKTeX 2.9\tex/generic/oberd
iek\pdftexcmds.sty"
Package: pdftexcmds 2018/09/10 v0.29 Utility functions of pdfTeX for LuaTeX (HO
)

("C:\Users\Labis Papakwstas\AppData\Local\Programs\MiKTeX 2.9\tex/generic/oberd
iek\ifpdf.sty"
Package: ifpdf 2018/09/07 v3.3 Provides the ifpdf switch
)
Package pdftexcmds Info: LuaTeX not detected.
Package pdftexcmds Info: \pdf@primitive is available.
Package pdftexcmds Info: \pdf@ifprimitive is available.
Package pdftexcmds Info: \pdfdraftmode found.
)
("C:\Users\Labis Papakwstas\AppData\Local\Programs\MiKTeX 2.9\tex/generic/oberd
iek\catchfile.sty"
Package: catchfile 2016/05/16 v1.7 Catch the contents of a file (HO)
))
("C:\Users\Labis Papakwstas\AppData\Local\Programs\MiKTeX 2.9\tex/latex/xstring
\xstring.sty"
("C:\Users\Labis Papakwstas\AppData\Local\Programs\MiKTeX 2.9\tex/generic/xstri
ng\xstring.tex"
\integerpart=\count148
\decimalpart=\count149
)
Package: xstring 2019/02/06 v1.83 String manipulations (CT)
)
("C:\Users\Labis Papakwstas\AppData\Local\Programs\MiKTeX 2.9\tex/latex/framed\
framed.sty"
Package: framed 2011/10/22 v 0.96: framed or shaded text with page breaks
\OuterFrameSep=\skip66
\fb@frw=\dimen143
\fb@frh=\dimen144
\FrameRule=\dimen145
\FrameSep=\dimen146
)
\minted@appexistsfile=\read3
\minted@bgbox=\box40
\minted@code=\write4
\c@minted@FancyVerbLineTemp=\count150
\c@minted@pygmentizecounter=\count151
\@float@every@listing=\toks30
\c@listing=\count152
)
runsystem(if not exist _minted-main mkdir _minted-main)...executed.


("C:\Users\Labis Papakwstas\AppData\Local\Programs\MiKTeX 2.9\tex/latex/graphic
s\graphicx.sty"
Package: graphicx 2017/06/01 v1.1a Enhanced LaTeX Graphics (DPC,SPQR)

("C:\Users\Labis Papakwstas\AppData\Local\Programs\MiKTeX 2.9\tex/latex/graphic
s\graphics.sty"
Package: graphics 2017/06/25 v1.2c Standard LaTeX Graphics (DPC,SPQR)

("C:\Users\Labis Papakwstas\AppData\Local\Programs\MiKTeX 2.9\tex/latex/graphic
s\trig.sty"
Package: trig 2016/01/03 v1.10 sin cos tan (DPC)
)
("C:\Users\Labis Papakwstas\AppData\Local\Programs\MiKTeX 2.9\tex/latex/graphic
s-cfg\graphics.cfg"
File: graphics.cfg 2016/06/04 v1.11 sample graphics configuration
)
Package graphics Info: Driver file: pdftex.def on input line 99.

("C:\Users\Labis Papakwstas\AppData\Local\Programs\MiKTeX 2.9\tex/latex/graphic
s-def\pdftex.def"
File: pdftex.def 2018/01/08 v1.0l Graphics/color driver for pdftex
))
\Gin@req@height=\dimen147
\Gin@req@width=\dimen148
)
("C:\Users\Labis Papakwstas\AppData\Local\Programs\MiKTeX 2.9\tex/latex/geometr
y\geometry.sty"
Package: geometry 2018/04/16 v5.8 Page Geometry

("C:\Users\Labis Papakwstas\AppData\Local\Programs\MiKTeX 2.9\tex/generic/oberd
iek\ifvtex.sty"
Package: ifvtex 2016/05/16 v1.6 Detect VTeX and its facilities (HO)
Package ifvtex Info: VTeX not detected.
)
("C:\Users\Labis Papakwstas\AppData\Local\Programs\MiKTeX 2.9\tex/generic/ifxet
ex\ifxetex.sty"
Package: ifxetex 2010/09/12 v0.6 Provides ifxetex conditional
)
\Gm@cnth=\count153
\Gm@cntv=\count154
\c@Gm@tempcnt=\count155
\Gm@bindingoffset=\dimen149
\Gm@wd@mp=\dimen150
\Gm@odd@mp=\dimen151
\Gm@even@mp=\dimen152
\Gm@layoutwidth=\dimen153
\Gm@layoutheight=\dimen154
\Gm@layouthoffset=\dimen155
\Gm@layoutvoffset=\dimen156
\Gm@dimlist=\toks31

("C:\Users\Labis Papakwstas\AppData\Local\Programs\MiKTeX 2.9\tex/latex/geometr
y\geometry.cfg"))
\c@definition=\count156
\c@theorem=\count157
\c@proposition=\count158

("C:\Users\Labis Papakwstas\AppData\Local\Programs\MiKTeX 2.9\tex/latex/xcolor\
xcolor.sty"
Package: xcolor 2016/05/11 v2.12 LaTeX color extensions (UK)

("C:\Users\Labis Papakwstas\AppData\Local\Programs\MiKTeX 2.9\tex/latex/graphic
s-cfg\color.cfg"
File: color.cfg 2016/01/02 v1.6 sample color configuration
)
Package xcolor Info: Driver file: pdftex.def on input line 225.
Package xcolor Info: Model `cmy' substituted by `cmy0' on input line 1348.
Package xcolor Info: Model `hsb' substituted by `rgb' on input line 1352.
Package xcolor Info: Model `RGB' extended on input line 1364.
Package xcolor Info: Model `HTML' substituted by `rgb' on input line 1366.
Package xcolor Info: Model `Hsb' substituted by `hsb' on input line 1367.
Package xcolor Info: Model `tHsb' substituted by `hsb' on input line 1368.
Package xcolor Info: Model `HSB' substituted by `hsb' on input line 1369.
Package xcolor Info: Model `Gray' substituted by `gray' on input line 1370.
Package xcolor Info: Model `wave' substituted by `hsb' on input line 1371.
)
runsystem(for ^%i in (pygmentize.exe pygmentize.bat pygmentize.cmd) do set > ma
in.aex <nul: /p x=^%~$PATH:i>> main.aex)...executed.

runsystem(del main.aex)...executed.

 (main.aux (intro/titlepage.aux)
LaTeX Font Info:    Try loading font information for LGR+cmr on input line 3.

("C:\Users\Labis Papakwstas\AppData\Local\Programs\MiKTeX 2.9\tex/latex/cbfonts
-fd\lgrcmr.fd"
File: lgrcmr.fd 2017/07/29 v1.2 Greek European Computer Regular
) (intro/certification.aux) (intro/about.aux) (intro/summary.aux) (intro/acknow
ledgements.aux))
\openout1 = `main.aux'.

LaTeX Font Info:    Checking defaults for OML/cmm/m/it on input line 79.
LaTeX Font Info:    ... okay on input line 79.
LaTeX Font Info:    Checking defaults for T1/cmr/m/n on input line 79.
LaTeX Font Info:    ... okay on input line 79.
LaTeX Font Info:    Checking defaults for OT1/cmr/m/n on input line 79.
LaTeX Font Info:    ... okay on input line 79.
LaTeX Font Info:    Checking defaults for OMS/cmsy/m/n on input line 79.
LaTeX Font Info:    ... okay on input line 79.
LaTeX Font Info:    Checking defaults for OMX/cmex/m/n on input line 79.
LaTeX Font Info:    ... okay on input line 79.
LaTeX Font Info:    Checking defaults for U/cmr/m/n on input line 79.
LaTeX Font Info:    ... okay on input line 79.
LaTeX Font Info:    Checking defaults for LGR/cmr/m/n on input line 79.
LaTeX Font Info:    ... okay on input line 79.

("C:\Users\Labis Papakwstas\AppData\Local\Programs\MiKTeX 2.9\tex/latex/greek-f
ontenc\alphabeta-lgr.def"
File: alphabeta-lgr 2014/09/04 0.11.2 Composite definitions for 8-bit TeX
)
   defining Unicode char U+0393 (decimal 915)
   defining Unicode char U+0394 (decimal 916)
   defining Unicode char U+0398 (decimal 920)
   defining Unicode char U+039B (decimal 923)
   defining Unicode char U+039E (decimal 926)
   defining Unicode char U+03A0 (decimal 928)
   defining Unicode char U+03A3 (decimal 931)
   defining Unicode char U+03A5 (decimal 933)
   defining Unicode char U+03A6 (decimal 934)
   defining Unicode char U+03A8 (decimal 936)
   defining Unicode char U+03A9 (decimal 937)
   defining Unicode char U+03B1 (decimal 945)
   defining Unicode char U+03B2 (decimal 946)
   defining Unicode char U+03B3 (decimal 947)
   defining Unicode char U+03B4 (decimal 948)
   defining Unicode char U+03B5 (decimal 949)
   defining Unicode char U+03B6 (decimal 950)
   defining Unicode char U+03B7 (decimal 951)
   defining Unicode char U+03B8 (decimal 952)
   defining Unicode char U+03B9 (decimal 953)
   defining Unicode char U+03BA (decimal 954)
   defining Unicode char U+03BB (decimal 955)
   defining Unicode char U+03BC (decimal 956)
   defining Unicode char U+03BD (decimal 957)
   defining Unicode char U+03BE (decimal 958)
   defining Unicode char U+03C0 (decimal 960)
   defining Unicode char U+03C1 (decimal 961)
   defining Unicode char U+03C2 (decimal 962)
   defining Unicode char U+03C3 (decimal 963)
   defining Unicode char U+03C4 (decimal 964)
   defining Unicode char U+03C5 (decimal 965)
   defining Unicode char U+03C6 (decimal 966)
   defining Unicode char U+03C7 (decimal 967)
   defining Unicode char U+03C8 (decimal 968)
   defining Unicode char U+03C9 (decimal 969)
   defining Unicode char U+03D1 (decimal 977)
   defining Unicode char U+03D5 (decimal 981)
   defining Unicode char U+03D6 (decimal 982)
   defining Unicode char U+03DD (decimal 989)
   defining Unicode char U+03F1 (decimal 1009)
   defining Unicode char U+03F5 (decimal 1013)
Package ragged2e Info: ABD: executing \RaggedRight on input line 79.
 ABD: EverySelectfont initializing macros
LaTeX Info: Redefining \selectfont on input line 79.
Package caption Info: Begin \AtBeginDocument code.
Package caption Info: float package is loaded.
Package caption Info: listings package is loaded.
Package caption Info: End \AtBeginDocument code.

("C:\Users\Labis Papakwstas\AppData\Local\Programs\MiKTeX 2.9\tex/latex/base\te
xtcomp.sty"
Package: textcomp 2018/08/11 v2.0j Standard LaTeX package
Package textcomp Info: Sub-encoding information:
(textcomp)               5 = only ISO-Adobe without \textcurrency
(textcomp)               4 = 5 + \texteuro
(textcomp)               3 = 4 + \textohm
(textcomp)               2 = 3 + \textestimated + \textcurrency
(textcomp)               1 = TS1 - \textcircled - \t
(textcomp)               0 = TS1 (full)
(textcomp)             Font families with sub-encoding setting implement
(textcomp)             only a restricted character set as indicated.
(textcomp)             Family '?' is the default used for unknown fonts.
(textcomp)             See the documentation for details.
Package textcomp Info: Setting ? sub-encoding to TS1/1 on input line 79.

("C:\Users\Labis Papakwstas\AppData\Local\Programs\MiKTeX 2.9\tex/latex/base\ts
1enc.def"
File: ts1enc.def 2001/06/05 v3.0e (jk/car/fm) Standard LaTeX file
Now handling font encoding TS1 ...
... processing UTF-8 mapping file for font encoding TS1

("C:\Users\Labis Papakwstas\AppData\Local\Programs\MiKTeX 2.9\tex/latex/base\ts
1enc.dfu"
File: ts1enc.dfu 2018/10/05 v1.2f UTF-8 support for inputenc
   defining Unicode char U+00A2 (decimal 162)
   defining Unicode char U+00A3 (decimal 163)
   defining Unicode char U+00A4 (decimal 164)
   defining Unicode char U+00A5 (decimal 165)
   defining Unicode char U+00A6 (decimal 166)
   defining Unicode char U+00A7 (decimal 167)
   defining Unicode char U+00A8 (decimal 168)
   defining Unicode char U+00A9 (decimal 169)
   defining Unicode char U+00AA (decimal 170)
   defining Unicode char U+00AC (decimal 172)
   defining Unicode char U+00AE (decimal 174)
   defining Unicode char U+00AF (decimal 175)
   defining Unicode char U+00B0 (decimal 176)
   defining Unicode char U+00B1 (decimal 177)
   defining Unicode char U+00B2 (decimal 178)
   defining Unicode char U+00B3 (decimal 179)
   defining Unicode char U+00B4 (decimal 180)
   defining Unicode char U+00B5 (decimal 181)
   defining Unicode char U+00B6 (decimal 182)
   defining Unicode char U+00B7 (decimal 183)
   defining Unicode char U+00B9 (decimal 185)
   defining Unicode char U+00BA (decimal 186)
   defining Unicode char U+00BC (decimal 188)
   defining Unicode char U+00BD (decimal 189)
   defining Unicode char U+00BE (decimal 190)
   defining Unicode char U+00D7 (decimal 215)
   defining Unicode char U+00F7 (decimal 247)
   defining Unicode char U+0192 (decimal 402)
   defining Unicode char U+02C7 (decimal 711)
   defining Unicode char U+02D8 (decimal 728)
   defining Unicode char U+02DD (decimal 733)
   defining Unicode char U+0E3F (decimal 3647)
   defining Unicode char U+2016 (decimal 8214)
   defining Unicode char U+2020 (decimal 8224)
   defining Unicode char U+2021 (decimal 8225)
   defining Unicode char U+2022 (decimal 8226)
   defining Unicode char U+2030 (decimal 8240)
   defining Unicode char U+2031 (decimal 8241)
   defining Unicode char U+203B (decimal 8251)
   defining Unicode char U+203D (decimal 8253)
   defining Unicode char U+2044 (decimal 8260)
   defining Unicode char U+204E (decimal 8270)
   defining Unicode char U+2052 (decimal 8274)
   defining Unicode char U+20A1 (decimal 8353)
   defining Unicode char U+20A4 (decimal 8356)
   defining Unicode char U+20A6 (decimal 8358)
   defining Unicode char U+20A9 (decimal 8361)
   defining Unicode char U+20AB (decimal 8363)
   defining Unicode char U+20AC (decimal 8364)
   defining Unicode char U+20B1 (decimal 8369)
   defining Unicode char U+2103 (decimal 8451)
   defining Unicode char U+2116 (decimal 8470)
   defining Unicode char U+2117 (decimal 8471)
   defining Unicode char U+211E (decimal 8478)
   defining Unicode char U+2120 (decimal 8480)
   defining Unicode char U+2122 (decimal 8482)
   defining Unicode char U+2126 (decimal 8486)
   defining Unicode char U+2127 (decimal 8487)
   defining Unicode char U+212E (decimal 8494)
   defining Unicode char U+2190 (decimal 8592)
   defining Unicode char U+2191 (decimal 8593)
   defining Unicode char U+2192 (decimal 8594)
   defining Unicode char U+2193 (decimal 8595)
   defining Unicode char U+2329 (decimal 9001)
   defining Unicode char U+232A (decimal 9002)
   defining Unicode char U+2422 (decimal 9250)
   defining Unicode char U+25E6 (decimal 9702)
   defining Unicode char U+25EF (decimal 9711)
   defining Unicode char U+266A (decimal 9834)
   defining Unicode char U+FEFF (decimal 65279)
))
LaTeX Info: Redefining \oldstylenums on input line 334.
Package textcomp Info: Setting cmr sub-encoding to TS1/0 on input line 349.
Package textcomp Info: Setting cmss sub-encoding to TS1/0 on input line 350.
Package textcomp Info: Setting cmtt sub-encoding to TS1/0 on input line 351.
Package textcomp Info: Setting cmvtt sub-encoding to TS1/0 on input line 352.
Package textcomp Info: Setting cmbr sub-encoding to TS1/0 on input line 353.
Package textcomp Info: Setting cmtl sub-encoding to TS1/0 on input line 354.
Package textcomp Info: Setting ccr sub-encoding to TS1/0 on input line 355.
Package textcomp Info: Setting ptm sub-encoding to TS1/4 on input line 356.
Package textcomp Info: Setting pcr sub-encoding to TS1/4 on input line 357.
Package textcomp Info: Setting phv sub-encoding to TS1/4 on input line 358.
Package textcomp Info: Setting ppl sub-encoding to TS1/3 on input line 359.
Package textcomp Info: Setting pag sub-encoding to TS1/4 on input line 360.
Package textcomp Info: Setting pbk sub-encoding to TS1/4 on input line 361.
Package textcomp Info: Setting pnc sub-encoding to TS1/4 on input line 362.
Package textcomp Info: Setting pzc sub-encoding to TS1/4 on input line 363.
Package textcomp Info: Setting bch sub-encoding to TS1/4 on input line 364.
Package textcomp Info: Setting put sub-encoding to TS1/5 on input line 365.
Package textcomp Info: Setting uag sub-encoding to TS1/5 on input line 366.
Package textcomp Info: Setting ugq sub-encoding to TS1/5 on input line 367.
Package textcomp Info: Setting ul8 sub-encoding to TS1/4 on input line 368.
Package textcomp Info: Setting ul9 sub-encoding to TS1/4 on input line 369.
Package textcomp Info: Setting augie sub-encoding to TS1/5 on input line 370.
Package textcomp Info: Setting dayrom sub-encoding to TS1/3 on input line 371.
Package textcomp Info: Setting dayroms sub-encoding to TS1/3 on input line 372.

Package textcomp Info: Setting pxr sub-encoding to TS1/0 on input line 373.
Package textcomp Info: Setting pxss sub-encoding to TS1/0 on input line 374.
Package textcomp Info: Setting pxtt sub-encoding to TS1/0 on input line 375.
Package textcomp Info: Setting txr sub-encoding to TS1/0 on input line 376.
Package textcomp Info: Setting txss sub-encoding to TS1/0 on input line 377.
Package textcomp Info: Setting txtt sub-encoding to TS1/0 on input line 378.
Package textcomp Info: Setting lmr sub-encoding to TS1/0 on input line 379.
Package textcomp Info: Setting lmdh sub-encoding to TS1/0 on input line 380.
Package textcomp Info: Setting lmss sub-encoding to TS1/0 on input line 381.
Package textcomp Info: Setting lmssq sub-encoding to TS1/0 on input line 382.
Package textcomp Info: Setting lmvtt sub-encoding to TS1/0 on input line 383.
Package textcomp Info: Setting lmtt sub-encoding to TS1/0 on input line 384.
Package textcomp Info: Setting qhv sub-encoding to TS1/0 on input line 385.
Package textcomp Info: Setting qag sub-encoding to TS1/0 on input line 386.
Package textcomp Info: Setting qbk sub-encoding to TS1/0 on input line 387.
Package textcomp Info: Setting qcr sub-encoding to TS1/0 on input line 388.
Package textcomp Info: Setting qcs sub-encoding to TS1/0 on input line 389.
Package textcomp Info: Setting qpl sub-encoding to TS1/0 on input line 390.
Package textcomp Info: Setting qtm sub-encoding to TS1/0 on input line 391.
Package textcomp Info: Setting qzc sub-encoding to TS1/0 on input line 392.
Package textcomp Info: Setting qhvc sub-encoding to TS1/0 on input line 393.
Package textcomp Info: Setting futs sub-encoding to TS1/4 on input line 394.
Package textcomp Info: Setting futx sub-encoding to TS1/4 on input line 395.
Package textcomp Info: Setting futj sub-encoding to TS1/4 on input line 396.
Package textcomp Info: Setting hlh sub-encoding to TS1/3 on input line 397.
Package textcomp Info: Setting hls sub-encoding to TS1/3 on input line 398.
Package textcomp Info: Setting hlst sub-encoding to TS1/3 on input line 399.
Package textcomp Info: Setting hlct sub-encoding to TS1/5 on input line 400.
Package textcomp Info: Setting hlx sub-encoding to TS1/5 on input line 401.
Package textcomp Info: Setting hlce sub-encoding to TS1/5 on input line 402.
Package textcomp Info: Setting hlcn sub-encoding to TS1/5 on input line 403.
Package textcomp Info: Setting hlcw sub-encoding to TS1/5 on input line 404.
Package textcomp Info: Setting hlcf sub-encoding to TS1/5 on input line 405.
Package textcomp Info: Setting pplx sub-encoding to TS1/3 on input line 406.
Package textcomp Info: Setting pplj sub-encoding to TS1/3 on input line 407.
Package textcomp Info: Setting ptmx sub-encoding to TS1/4 on input line 408.
Package textcomp Info: Setting ptmj sub-encoding to TS1/4 on input line 409.
)
\c@lstlisting=\count159

("C:\Users\Labis Papakwstas\AppData\Local\Programs\MiKTeX 2.9\tex/context/base/
mkii\supp-pdf.mkii"
[Loading MPS to PDF converter (version 2006.09.02).]
\scratchcounter=\count160
\scratchdimen=\dimen157
\scratchbox=\box41
\nofMPsegments=\count161
\nofMParguments=\count162
\everyMPshowfont=\toks32
\MPscratchCnt=\count163
\MPscratchDim=\dimen158
\MPnumerator=\count164
\makeMPintoPDFobject=\count165
\everyMPtoPDFconversion=\toks33
)
("C:\Users\Labis Papakwstas\AppData\Local\Programs\MiKTeX 2.9\tex/latex/oberdie
k\epstopdf-base.sty"
Package: epstopdf-base 2016/05/15 v2.6 Base part for package epstopdf

("C:\Users\Labis Papakwstas\AppData\Local\Programs\MiKTeX 2.9\tex/latex/oberdie
k\grfext.sty"
Package: grfext 2016/05/16 v1.2 Manage graphics extensions (HO)

("C:\Users\Labis Papakwstas\AppData\Local\Programs\MiKTeX 2.9\tex/generic/oberd
iek\kvdefinekeys.sty"
Package: kvdefinekeys 2016/05/16 v1.4 Define keys (HO)
))
Package epstopdf-base Info: Redefining graphics rule for `.eps' on input line 4
38.
Package grfext Info: Graphics extension search list:
(grfext)             [.pdf,.png,.jpg,.mps,.jpeg,.jbig2,.jb2,.PDF,.PNG,.JPG,.JPE
G,.JBIG2,.JB2,.eps]
(grfext)             \AppendGraphicsExtensions on input line 456.
)
*geometry* driver: auto-detecting
*geometry* detected driver: pdftex
*geometry* verbose mode - [ preamble ] result:
* driver: pdftex
* paper: a4paper
* layout: <same size as paper>
* layoutoffset:(h,v)=(0.0pt,0.0pt)
* modes: 
* h-part:(L,W,R)=(85.35826pt, 426.79134pt, 85.35828pt)
* v-part:(T,H,B)=(85.35826pt, 682.86613pt, 76.82245pt)
* \paperwidth=597.50787pt
* \paperheight=845.04684pt
* \textwidth=426.79134pt
* \textheight=682.86613pt
* \oddsidemargin=13.08827pt
* \evensidemargin=13.08827pt
* \topmargin=-23.91173pt
* \headheight=12.0pt
* \headsep=25.0pt
* \topskip=12.0pt
* \footskip=30.0pt
* \marginparwidth=35.0pt
* \marginparsep=10.0pt
* \columnsep=10.0pt
* \skip\footins=10.8pt plus 4.0pt minus 2.0pt
* \hoffset=0.0pt
* \voffset=0.0pt
* \mag=1000
* \@twocolumnfalse
* \@twosidefalse
* \@mparswitchfalse
* \@reversemarginfalse
* (1in=72.27pt=25.4mm, 1cm=28.453pt)

\openout2 = `intro/titlepage.aux'.

(intro/titlepage.tex
<misc/up_landscape.jpg, id=1, 318.2289pt x 124.5453pt>
File: misc/up_landscape.jpg Graphic file (type jpg)
<use misc/up_landscape.jpg>
Package pdftex.def Info: misc/up_landscape.jpg  used on input line 7.
(pdftex.def)             Requested size: 341.43436pt x 133.63081pt.
 [1


{C:/Users/Labis Papakwstas/AppData/Local/MiKTeX/2.9/pdftex/config/pdftex.map} <
./misc/up_landscape.jpg>]) [0


]
\openout2 = `intro/certification.aux'.

 (intro/certification.tex
LaTeX Font Info:    Try loading font information for U+msa on input line 18.

("C:\Users\Labis Papakwstas\AppData\Local\Programs\MiKTeX 2.9\tex/latex/amsfont
s\umsa.fd"
File: umsa.fd 2013/01/14 v3.01 AMS symbols A
)
LaTeX Font Info:    Try loading font information for U+msb on input line 18.

("C:\Users\Labis Papakwstas\AppData\Local\Programs\MiKTeX 2.9\tex/latex/amsfont
s\umsb.fd"
File: umsb.fd 2013/01/14 v3.01 AMS symbols B
))
Overfull \hbox (3.9157pt too wide) in paragraph at lines 12--86
$[]$ $[]$  
 []

[1


] [1


]
\openout2 = `intro/about.aux'.

 (intro/about.tex) [2


] [2


]
\openout2 = `intro/summary.aux'.

 (intro/summary.tex [3


] [3

]) [4

] [4


]
\openout2 = `intro/acknowledgements.aux'.


(intro/acknowledgements.tex
LaTeX Font Info:    Try loading font information for TS1+cmr on input line 4.

("C:\Users\Labis Papakwstas\AppData\Local\Programs\MiKTeX 2.9\tex/latex/base\ts
1cmr.fd"
File: ts1cmr.fd 2014/09/29 v2.5h Standard LaTeX font definitions
)) [5


] [5


] (main.toc [6


]
LaTeX Info: Redefining \anw@print on input line 2275.
)
\tf@toc=\write5
\openout5 = `main.toc'.

 [7] (main.lof

LaTeX Warning: Command \textTau invalid in math mode on input line 1926.


LaTeX Warning: Command \textTau invalid in math mode on input line 1926.


LaTeX Warning: Command \textTau invalid in math mode on input line 1926.


LaTeX Warning: Command \textTau invalid in math mode on input line 1926.


LaTeX Warning: Command \textTau invalid in math mode on input line 1949.


LaTeX Warning: Command \textTau invalid in math mode on input line 1949.


LaTeX Warning: Command \textTau invalid in math mode on input line 1949.


LaTeX Warning: Command \textTau invalid in math mode on input line 1949.

[8

]

LaTeX Warning: Command \textTau invalid in math mode on input line 2106.


LaTeX Warning: Command \textTau invalid in math mode on input line 2106.


LaTeX Warning: Command \textTau invalid in math mode on input line 2106.


LaTeX Warning: Command \textTau invalid in math mode on input line 2106.


LaTeX Warning: Command \textTau invalid in math mode on input line 2129.


LaTeX Warning: Command \textTau invalid in math mode on input line 2129.


LaTeX Warning: Command \textTau invalid in math mode on input line 2129.


LaTeX Warning: Command \textTau invalid in math mode on input line 2129.

)
\tf@lof=\write6
\openout6 = `main.lof'.

 [9]
\textKappa \textepsilon \textphi \acctonos \textalpha \textlambda \textalpha \t
extiota \textomicron  1.
(Chapters/chapter1.tex
Overfull \hbox (26.20683pt too wide) in paragraph at lines 31--32
[]\LGR/cmr/m/it/12 'Estw nac pna-kac []$\OT1/cmr/bx/n/12 A \OMS/cmsy/m/n/12 2
 \U/msb/m/n/12 R[]$[]\OT1/cmr/m/it/12 , [][]\LGR/cmr/m/it/12 me i-dio-ti-mc []
$\OML/cmm/m/it/12 []; []; [] ; []$ []\LGR/cmr/m/it/12 kai []$\OML/cmm/m/it/1
2 v[]; v[]; [] ; v[]$
 []

[10

]
Overfull \hbox (17.17593pt too wide) in paragraph at lines 66--67
\LGR/cmr/m/n/12 dio-ti-m \LGR/cmr/m/it/12 kai \LGR/cmr/m/n/12 ge-ni-keu-mno i
-dio-di-nu-sma \LGR/cmr/m/it/12 e-nc ze-gouc te-tra-gw-ni-kn pi-nkwn [][]\
OT1/cmr/m/it/12 ($\OT1/cmr/bx/n/12 A\OML/cmm/m/it/12 ; \OT1/cmr/bx/n/12 B\OT1/c
mr/m/n/12 ) \OT1/cmr/bx/n/12 A\OML/cmm/m/it/12 ; \OT1/cmr/bx/n/12 B \OMS/cmsy/m
/n/12 2
 []

[11] [12] [13] [14]
Overfull \hbox (24.94482pt too wide) in paragraph at lines 240--241
\LGR/cmr/m/n/12 trpei na di-nu-sma []$\OML/cmm/m/it/12 x \OT1/cmr/m/n/12 = [
][]$ []\LGR/cmr/m/n/12 me msh ti-m []$\OML/cmm/m/it/12 Ex \OT1/cmr/m/n/12 = \
OML/cmm/m/it/12 m[] \OT1/cmr/m/n/12 = [][]$
 []

[15]) [16]
\textKappa \textepsilon \textphi \acctonos \textalpha \textlambda \textalpha \t
extiota \textomicron  2.
(Chapters/chapter2.tex
<misc/heart-anatomy.png, id=102, 441.65pt x 303.1325pt>
File: misc/heart-anatomy.png Graphic file (type png)
<use misc/heart-anatomy.png>
Package pdftex.def Info: misc/heart-anatomy.png  used on input line 14.
(pdftex.def)             Requested size: 341.43436pt x 234.35632pt.
 [17

]
<misc/valves_of_heart.png, id=106, 602.25pt x 602.25pt>
File: misc/valves_of_heart.png Graphic file (type png)
<use misc/valves_of_heart.png>
Package pdftex.def Info: misc/valves_of_heart.png  used on input line 34.
(pdftex.def)             Requested size: 298.75262pt x 298.76253pt.
 [18 <./misc/heart-anatomy.png>]
<misc/stimulus.png, id=113, 432.61626pt x 369.38pt>
File: misc/stimulus.png Graphic file (type png)
<use misc/stimulus.png>
Package pdftex.def Info: misc/stimulus.png  used on input line 53.
(pdftex.def)             Requested size: 298.75262pt x 255.09229pt.

Underfull \hbox (badness 10000) in paragraph at lines 41--56

 []

[19 <./misc/valves_of_heart.png>] [20 <./misc/stimulus.png>]
<misc/ECG.png, id=122, 281.05pt x 277.035pt>
File: misc/ECG.png Graphic file (type png)
<use misc/ECG.png>
Package pdftex.def Info: misc/ECG.png  used on input line 81.
(pdftex.def)             Requested size: 298.75262pt x 294.50113pt.
 [21]) [22 <./misc/ECG.png>]
\textKappa \textepsilon \textphi \acctonos \textalpha \textlambda \textalpha \t
extiota \textomicron  3.

LaTeX Font Warning: Font shape `OT1/cmr/bx/n' in size <29.86> not available
(Font)              size <24.88> substituted on input line 106.

(Chapters/chapter3.tex [23

] [24] [25] [26] [27]
Overfull \hbox (13.09894pt too wide) in paragraph at lines 136--140
[][]\LGR/cmr/m/n/12 pou o pna-kac []$[][]$ []lam-bne-tai, sm-fw-na me to Je
-rh-ma 1.4[], wc []$\OT1/cmr/bx/n/12 VD[]V[]$[]\OT1/cmr/m/n/12 ,
 []

[28]

LaTeX Warning: Command \greekscript invalid in math mode on input line 174.

)
Overfull \hbox (7.71501pt too wide) in paragraph at lines 184--108
\LGR/cmr/m/n/12 Oi pa-ra-pnw dia-di-ka-sec u-lo-poi-jh-kan stouc kdi-kec []
[]\OT1/cmr/m/n/12 fas-tica.py, de-fla-tional[]method.py
 []

[29]
\textKappa \textepsilon \textphi \acctonos \textalpha \textlambda \textalpha \t
extiota \textomicron  4.
(Chapters/chapter4.tex
Underfull \hbox (badness 10000) in paragraph at lines 3--11

 []


Overfull \hbox (1.84207pt too wide) in paragraph at lines 3--11
\LGR/cmr/m/n/12 Su\TS1/cmr/m/n/12 \LGR/cmr/m/n/12 bolzou\TS1/cmr/m/n/12 \LGR
/cmr/m/n/12 e \TS1/cmr/m/n/12 \LGR/cmr/m/n/12 e $\OML/cmm/m/it/12 x\OT1/cmr/m/
n/12 (\OML/cmm/m/it/12 t\OT1/cmr/m/n/12 ) = [][] \OMS/cmsy/m/n/12 2 \U/msb/m/n/
12 R[]$ \LGR/cmr/m/n/12 to dinus\TS1/cmr/m/n/12 \LGR/cmr/m/n/12 a twn sh\TS1/
cmr/m/n/12 \LGR/cmr/m/n/12 twn
 []


Overfull \hbox (19.86949pt too wide) in paragraph at lines 3--11
\LGR/cmr/m/n/12 pou la\TS1/cmr/m/n/12 \LGR/cmr/m/n/12 bnou\TS1/cmr/m/n/12 \L
GR/cmr/m/n/12 e ap touc aisjhtrec thn qronik stig\TS1/cmr/m/n/12 \LGR/cmr/m
/n/12  \OT1/cmr/m/n/12 t, \LGR/cmr/m/n/12 ta opoa kai deig\TS1/cmr/m/n/12 \L
GR/cmr/m/n/12 atolhpto\TS1/cmr/m/n/12 \LGR/cmr/m/n/12 e
 []


Overfull \hbox (0.50876pt too wide) in paragraph at lines 17--23
\LGR/cmr/m/n/12 Bsei tou \TS1/cmr/m/n/12 \LGR/cmr/m/n/12 ontlou []\OT1/cmr/m
/n/12 BSS, \LGR/cmr/m/n/12 ta s\TS1/cmr/m/n/12 \LGR/cmr/m/n/12 ata $\OML/cmm/
m/it/12 x\OT1/cmr/m/n/12 (\OML/cmm/m/it/12 t\OT1/cmr/m/n/12 )$ \LGR/cmr/m/n/12 
apotelon gra\TS1/cmr/m/n/12 \LGR/cmr/m/n/12 ikoc sun-d-uas\TS1/cmr/m/n/12 
\LGR/cmr/m/n/12 oc kpoiwn
 []

[30

]
Underfull \hbox (badness 10000) in paragraph at lines 46--53

 []


Overfull \hbox (17.91905pt too wide) in paragraph at lines 46--53
\LGR/cmr/m/n/12 nai \TS1/cmr/m/n/12 \LGR/cmr/m/n/12 h pe-ri-odik\OT1/cmr/m/n/
12 , \LGR/cmr/m/n/12 en h \TS1/cmr/m/n/12 \LGR/cmr/m/n/12 etablht $\OML/cmm/
m/it/12 $ \LGR/cmr/m/n/12 ono\TS1/cmr/m/n/12 \LGR/cmr/m/n/12 zetai \LGR/cmr/
bx/n/12 qronik\OT1/cmr/bx/n/12 /\LGR/cmr/bx/n/12 deig\TS1/cmr/bx/n/12 \LGR/cm
r/bx/n/12 atik ka-justrhsh
 []


Underfull \hbox (badness 10000) in paragraph at lines 46--53

 []


LaTeX Warning: Command \textEpsilon invalid in math mode on input line 54.


LaTeX Warning: Command \textEpsilon invalid in math mode on input line 54.


Overfull \hbox (27.47763pt too wide) in paragraph at lines 65--69
\LGR/cmr/m/n/12 s\TS1/cmr/m/n/12 \LGR/cmr/m/n/12 atoc\OT1/cmr/m/n/12 , \LGR/c
mr/m/n/12 h ti\TS1/cmr/m/n/12 \LGR/cmr/m/n/12  ston arij\TS1/cmr/m/n/12 \LGR
/cmr/m/n/12 ht sthn [] \TS1/cmr/m/n/12 \LGR/cmr/m/n/12 hdenzetai\OT1/cmr/m/n
/12 .\LGR/cmr/m/n/12 Epo\TS1/cmr/m/n/12 \LGR/cmr/m/n/12 nwc\OT1/cmr/m/n/12 , 
\LGR/cmr/m/n/12 gia na \TS1/cmr/m/n/12 \LGR/cmr/m/n/12 egistopoisou\TS1/cmr/m
/n/12 \LGR/cmr/m/n/12 e
 []

[31]
Overfull \hbox (0.33388pt too wide) detected at line 90
\OT1/cmr/bx/n/12 X[]\OT1/cmr/m/n/12 [\OML/cmm/m/it/12 k\OT1/cmr/m/n/12 ] = [] =
 [] = []
 []

[32]
Overfull \hbox (2.64888pt too wide) in paragraph at lines 152--154
\LGR/cmr/m/n/12 H exswsh [] e-nai isodna\TS1/cmr/m/n/12 \LGR/cmr/m/n/12 h \
TS1/cmr/m/n/12 \LGR/cmr/m/n/12 e thn exswsh [] kai apotele na genikeu\TS1/c
mr/m/n/12 \LGR/cmr/m/n/12 no
 []

[33]
Overfull \hbox (12.89784pt too wide) in paragraph at lines 158--161
\LGR/cmr/m/n/12 H sqsh [] apokt thn elqisth ti\TS1/cmr/m/n/12 \LGR/cmr/m/n/
12  thc tan to $\OML/cmm/m/it/12 w$ \LGR/cmr/m/n/12 e-nai to an-ts-toiqo ge
nikeu\TS1/cmr/m/n/12 \LGR/cmr/m/n/12 no
 []


Underfull \hbox (badness 10000) in paragraph at lines 158--161

 []


LaTeX Warning: Command \textTau invalid in math mode on input line 180.


LaTeX Warning: Command \textTau invalid in math mode on input line 180.

[34]
Underfull \hbox (badness 10000) in paragraph at lines 185--190

 []

[35]
Overfull \hbox (15.95888pt too wide) in paragraph at lines 227--229
\LGR/cmr/m/n/12 Sugkrnontac thn para-pnw sqsh \TS1/cmr/m/n/12 \LGR/cmr/m/n/
12 e thn $\OT1/cmr/bx/n/12 A\OML/cmm/m/it/12 w \OT1/cmr/m/n/12 = \OML/cmm/m/it/
12 \OT1/cmr/bx/n/12 C\OML/cmm/m/it/12 w$\OT1/cmr/m/n/12 , \LGR/cmr/m/n/12 blp
ou\TS1/cmr/m/n/12 \LGR/cmr/m/n/12 e pwc o \TS1/cmr/m/n/12 \LGR/cmr/m/n/12 eta
sqh\TS1/cmr/m/n/12 \LGR/cmr/m/n/12 atis\TS1/cmr/m/n/12 \LGR/cmr/m/n/12 c
 []


LaTeX Warning: Command \textAlpha invalid in math mode on input line 232.


LaTeX Warning: Command \textAlpha invalid in math mode on input line 232.


LaTeX Warning: Command \textAlpha invalid in math mode on input line 233.


LaTeX Warning: Command \textAlpha invalid in math mode on input line 233.


LaTeX Warning: Command \textAlpha invalid in math mode on input line 233.


LaTeX Warning: Command \textAlpha invalid in math mode on input line 233.

[36] [37]
Underfull \hbox (badness 10000) in paragraph at lines 333--339

 []

[38] [39]

LaTeX Warning: Command \textChi invalid in math mode on input line 428.


LaTeX Warning: Command \textChi invalid in math mode on input line 428.

[40]
Overfull \hbox (19.1526pt too wide) in paragraph at lines 473--475
\OT1/cmr/m/n/12 ing, \LGR/cmr/m/n/12 tte to genikeu\TS1/cmr/m/n/12 \LGR/cmr/m
/n/12 no prblh\TS1/cmr/m/n/12 \LGR/cmr/m/n/12 a id-i-oti\TS1/cmr/m/n/12 \LG
R/cmr/m/n/12 n gia to ze-goc pinkwn \OT1/cmr/m/n/12 ($\OT1/cmr/bx/n/12 A\OT1
/cmr/m/n/12 [\OML/cmm/m/it/12 k\OT1/cmr/m/n/12 ]$,$\OT1/cmr/bx/n/12 C$\OT1/cmr/
m/n/12 ) \TS1/cmr/m/n/12 \LGR/cmr/m/n/12 etatrpetai
 []


Overfull \hbox (31.96315pt too wide) in paragraph at lines 484--486
\LGR/cmr/m/n/12 H teleu-taa isthta dnei to kls\TS1/cmr/m/n/12 \LGR/cmr/m/n
/12 a \OT1/cmr/m/n/12 Rayleigh \LGR/cmr/m/n/12 tou ze-gouc \OT1/cmr/m/n/12 ($\
OT1/cmr/bx/n/12 A\OT1/cmr/m/n/12 [\OML/cmm/m/it/12 k\OT1/cmr/m/n/12 ]$,$\U/msb/
m/n/12 I[]$\OT1/cmr/m/n/12 ), \LGR/cmr/m/n/12 to opoo elaqistopoie-
 []


Overfull \hbox (16.73297pt too wide) in paragraph at lines 488--491
\LGR/cmr/m/n/12 Enai pro-fanc ti oi para-pnw pro-t-seic isqoun kai tan o
i p-nakec pou qrhsi\TS1/cmr/m/n/12 \LGR/cmr/m/n/12 opoio\TS1/cmr/m/n/12 \LG
R/cmr/m/n/12 e
 []

[41] [42]
Overfull \hbox (43.14606pt too wide) detected at line 533
[]
 []

[43]
Overfull \hbox (40.25427pt too wide) in paragraph at lines 558--564
\LGR/cmr/m/n/12 O sun-d-uas\TS1/cmr/m/n/12 \LGR/cmr/m/n/12 c tou al-go-rj\TS
1/cmr/m/n/12 \LGR/cmr/m/n/12 ou \OT1/cmr/m/n/12 AMUSE \TS1/cmr/m/n/12 \LGR/cm
r/m/n/12 e ton al-grij\TS1/cmr/m/n/12 \LGR/cmr/m/n/12 o p\OT1/cmr/m/n/12 CA \
LGR/cmr/m/n/12 apotele \TS1/cmr/m/n/12 \LGR/cmr/m/n/12 ia \OT1/cmr/m/n/12 "\L
GR/cmr/m/n/12 beltistopohsh\OT1/cmr/m/n/12 "
 []

[44] [45]) [46]
\textKappa \textepsilon \textphi \acctonos \textalpha \textlambda \textalpha \t
extiota \textomicron  5.
(Chapters/chapter5.tex [47

]
<fwto/Signals_ica_1.png, id=216, 462.528pt x 345.4506pt>
File: fwto/Signals_ica_1.png Graphic file (type png)
<use fwto/Signals_ica_1.png>
Package pdftex.def Info: fwto/Signals_ica_1.png  used on input line 43.
(pdftex.def)             Requested size: 204.85802pt x 153.00551pt.
<fwto/Mixed_ica_1.png, id=217, 462.528pt x 345.4506pt>
File: fwto/Mixed_ica_1.png Graphic file (type png)
<use fwto/Mixed_ica_1.png>
Package pdftex.def Info: fwto/Mixed_ica_1.png  used on input line 50.
(pdftex.def)             Requested size: 204.85802pt x 153.00551pt.
<fwto/defla_ica_1_logcosh.png, id=218, 462.528pt x 345.4506pt>
File: fwto/defla_ica_1_logcosh.png Graphic file (type png)
<use fwto/defla_ica_1_logcosh.png>
Package pdftex.def Info: fwto/defla_ica_1_logcosh.png  used on input line 63.
(pdftex.def)             Requested size: 204.85802pt x 153.00551pt.
<fwto/Symmetric_ica_1_logcosh.png, id=219, 462.528pt x 345.4506pt>
File: fwto/Symmetric_ica_1_logcosh.png Graphic file (type png)
<use fwto/Symmetric_ica_1_logcosh.png>
Package pdftex.def Info: fwto/Symmetric_ica_1_logcosh.png  used on input line 7
0.
(pdftex.def)             Requested size: 204.85802pt x 153.00551pt.
<fwto/defla_ica_1_exp.png, id=220, 462.528pt x 345.4506pt>
File: fwto/defla_ica_1_exp.png Graphic file (type png)
<use fwto/defla_ica_1_exp.png>
Package pdftex.def Info: fwto/defla_ica_1_exp.png  used on input line 82.
(pdftex.def)             Requested size: 204.85802pt x 153.00551pt.
<fwto/Symmetric_ica_1_exp.png, id=221, 462.528pt x 345.4506pt>
File: fwto/Symmetric_ica_1_exp.png Graphic file (type png)
<use fwto/Symmetric_ica_1_exp.png>
Package pdftex.def Info: fwto/Symmetric_ica_1_exp.png  used on input line 89.
(pdftex.def)             Requested size: 204.85802pt x 153.00551pt.
 [48 <./fwto/Signals_ica_1.png> <./fwto/Mixed_ica_1.png>]
<fwto/Deflation_ica_1_cube.png, id=229, 462.528pt x 345.4506pt>
File: fwto/Deflation_ica_1_cube.png Graphic file (type png)
<use fwto/Deflation_ica_1_cube.png>
Package pdftex.def Info: fwto/Deflation_ica_1_cube.png  used on input line 101.

(pdftex.def)             Requested size: 204.85802pt x 153.00551pt.
<fwto/Symmetric_ica_1_cube.png, id=230, 462.528pt x 345.4506pt>
File: fwto/Symmetric_ica_1_cube.png Graphic file (type png)
<use fwto/Symmetric_ica_1_cube.png>
Package pdftex.def Info: fwto/Symmetric_ica_1_cube.png  used on input line 108.

(pdftex.def)             Requested size: 204.85802pt x 153.00551pt.
 [49 <./fwto/defla_ica_1_logcosh.png> <./fwto/Symmetric_ica_1_logcosh.png> <./f
wto/defla_ica_1_exp.png> <./fwto/Symmetric_ica_1_exp.png>]
<fwto/piCA_1.png, id=238, 462.528pt x 345.4506pt>
File: fwto/piCA_1.png Graphic file (type png)
<use fwto/piCA_1.png>
Package pdftex.def Info: fwto/piCA_1.png  used on input line 121.
(pdftex.def)             Requested size: 204.85802pt x 153.00551pt.
<fwto/Amuse_1.png, id=239, 462.528pt x 345.4506pt>
File: fwto/Amuse_1.png Graphic file (type png)
<use fwto/Amuse_1.png>
Package pdftex.def Info: fwto/Amuse_1.png  used on input line 128.
(pdftex.def)             Requested size: 204.85802pt x 153.00551pt.
<fwto/piCA_Error_1.png, id=240, 462.528pt x 345.4506pt>
File: fwto/piCA_Error_1.png Graphic file (type png)
<use fwto/piCA_Error_1.png>
Package pdftex.def Info: fwto/piCA_Error_1.png  used on input line 140.
(pdftex.def)             Requested size: 204.85802pt x 153.00551pt.
<fwto/Amuse_Error_1.png, id=241, 462.528pt x 345.4506pt>
File: fwto/Amuse_Error_1.png Graphic file (type png)
<use fwto/Amuse_Error_1.png>
Package pdftex.def Info: fwto/Amuse_Error_1.png  used on input line 147.
(pdftex.def)             Requested size: 204.85802pt x 153.00551pt.
 [50 <./fwto/Deflation_ica_1_cube.png> <./fwto/Symmetric_ica_1_cube.png> <./fwt
o/piCA_1.png> <./fwto/Amuse_1.png>]
Overfull \hbox (0.28943pt too wide) in paragraph at lines 171--172
\LGR/cmr/m/n/12 'Opwc blpou\TS1/cmr/m/n/12 \LGR/cmr/m/n/12 e ap tic grafikc
 parast-seic\OT1/cmr/m/n/12 , \LGR/cmr/m/n/12 parathro\TS1/cmr/m/n/12 \LGR/c
mr/m/n/12 e ti\OT1/cmr/m/n/12 , \LGR/cmr/m/n/12 parlo thc parousac
 []

[51 <./fwto/piCA_Error_1.png> <./fwto/Amuse_Error_1.png>]
<fwto/source.png, id=255, 462.528pt x 345.4506pt>
File: fwto/source.png Graphic file (type png)
<use fwto/source.png>
Package pdftex.def Info: fwto/source.png  used on input line 193.
(pdftex.def)             Requested size: 204.85802pt x 153.00551pt.
<fwto/mixed.png, id=256, 462.528pt x 345.4506pt>
File: fwto/mixed.png Graphic file (type png)
<use fwto/mixed.png>
Package pdftex.def Info: fwto/mixed.png  used on input line 200.
(pdftex.def)             Requested size: 204.85802pt x 153.00551pt.
<fwto/logcosh_def.png, id=257, 462.528pt x 345.4506pt>
File: fwto/logcosh_def.png Graphic file (type png)
<use fwto/logcosh_def.png>
Package pdftex.def Info: fwto/logcosh_def.png  used on input line 213.
(pdftex.def)             Requested size: 204.85802pt x 153.00551pt.
<fwto/logcosh_sym.png, id=258, 462.528pt x 345.4506pt>
File: fwto/logcosh_sym.png Graphic file (type png)
<use fwto/logcosh_sym.png>
Package pdftex.def Info: fwto/logcosh_sym.png  used on input line 220.
(pdftex.def)             Requested size: 204.85802pt x 153.00551pt.
<fwto/exp_def.png, id=259, 462.528pt x 345.4506pt>
File: fwto/exp_def.png Graphic file (type png)
<use fwto/exp_def.png>
Package pdftex.def Info: fwto/exp_def.png  used on input line 232.
(pdftex.def)             Requested size: 204.85802pt x 153.00551pt.
<fwto/exp_sym.png, id=260, 462.528pt x 345.4506pt>
File: fwto/exp_sym.png Graphic file (type png)
<use fwto/exp_sym.png>
Package pdftex.def Info: fwto/exp_sym.png  used on input line 239.
(pdftex.def)             Requested size: 204.85802pt x 153.00551pt.
<fwto/cube_def.png, id=261, 462.528pt x 345.4506pt>
File: fwto/cube_def.png Graphic file (type png)
<use fwto/cube_def.png>
Package pdftex.def Info: fwto/cube_def.png  used on input line 251.
(pdftex.def)             Requested size: 204.85802pt x 153.00551pt.
<fwto/cube_sym.png, id=262, 462.528pt x 345.4506pt>
File: fwto/cube_sym.png Graphic file (type png)
<use fwto/cube_sym.png>
Package pdftex.def Info: fwto/cube_sym.png  used on input line 258.
(pdftex.def)             Requested size: 204.85802pt x 153.00551pt.
 [52 <./fwto/source.png> <./fwto/mixed.png> <./fwto/logcosh_def.png> <./fwto/lo
gcosh_sym.png>]
<fwto/pica.png, id=270, 462.528pt x 345.4506pt>
File: fwto/pica.png Graphic file (type png)
<use fwto/pica.png>
Package pdftex.def Info: fwto/pica.png  used on input line 273.
(pdftex.def)             Requested size: 204.85802pt x 153.00551pt.
<fwto/amuse.png, id=271, 462.528pt x 345.4506pt>
File: fwto/amuse.png Graphic file (type png)
<use fwto/amuse.png>
Package pdftex.def Info: fwto/amuse.png  used on input line 280.
(pdftex.def)             Requested size: 204.85802pt x 153.00551pt.
<fwto/pica_error.png, id=272, 462.528pt x 345.4506pt>
File: fwto/pica_error.png Graphic file (type png)
<use fwto/pica_error.png>
Package pdftex.def Info: fwto/pica_error.png  used on input line 292.
(pdftex.def)             Requested size: 204.85802pt x 153.00551pt.
<fwto/Amuse_Error.png, id=273, 462.528pt x 345.4506pt>
File: fwto/Amuse_Error.png Graphic file (type png)
<use fwto/Amuse_Error.png>
Package pdftex.def Info: fwto/Amuse_Error.png  used on input line 299.
(pdftex.def)             Requested size: 204.85802pt x 153.00551pt.

[53 <./fwto/exp_def.png> <./fwto/exp_sym.png> <./fwto/cube_def.png> <./fwto/cub
e_sym.png>]
Overfull \hbox (7.01909pt too wide) in paragraph at lines 307--322
\LGR/cmr/m/n/12 Tloc\OT1/cmr/m/n/12 , \LGR/cmr/m/n/12 oi sun-te-lestc ap-dos
hc pou up-olog-zon-tai ap thn [] fanon-tai paraktw\OT1/cmr/m/n/12 :
 []

[54 <./fwto/pica.png> <./fwto/amuse.png> <./fwto/pica_error.png> <./fwto/Amuse_
Error.png>]
<biosignals/aami_source.png, id=289, 462.528pt x 345.4506pt>
File: biosignals/aami_source.png Graphic file (type png)
<use biosignals/aami_source.png>
Package pdftex.def Info: biosignals/aami_source.png  used on input line 337.
(pdftex.def)             Requested size: 426.79134pt x 318.77776pt.
<biosignals/aami_logcosh_def.png, id=290, 462.528pt x 345.4506pt>
File: biosignals/aami_logcosh_def.png Graphic file (type png)
<use biosignals/aami_logcosh_def.png>
Package pdftex.def Info: biosignals/aami_logcosh_def.png  used on input line 34
6.
(pdftex.def)             Requested size: 204.85802pt x 153.00551pt.
<biosignals/aami_logcosh_sym.png, id=291, 462.528pt x 345.4506pt>
File: biosignals/aami_logcosh_sym.png Graphic file (type png)
<use biosignals/aami_logcosh_sym.png>
Package pdftex.def Info: biosignals/aami_logcosh_sym.png  used on input line 35
3.
(pdftex.def)             Requested size: 204.85802pt x 153.00551pt.
 [55 <./biosignals/aami_source.png>]
<biosignals/aami_exp_def.png, id=296, 462.528pt x 345.4506pt>
File: biosignals/aami_exp_def.png Graphic file (type png)
<use biosignals/aami_exp_def.png>
Package pdftex.def Info: biosignals/aami_exp_def.png  used on input line 365.
(pdftex.def)             Requested size: 204.85802pt x 153.00551pt.
<biosignals/aami_exp_sym.png, id=297, 462.528pt x 345.4506pt>
File: biosignals/aami_exp_sym.png Graphic file (type png)
<use biosignals/aami_exp_sym.png>
Package pdftex.def Info: biosignals/aami_exp_sym.png  used on input line 372.
(pdftex.def)             Requested size: 204.85802pt x 153.00551pt.
<biosignals/aami_cube_def.png, id=298, 462.528pt x 345.4506pt>
File: biosignals/aami_cube_def.png Graphic file (type png)
<use biosignals/aami_cube_def.png>
Package pdftex.def Info: biosignals/aami_cube_def.png  used on input line 384.
(pdftex.def)             Requested size: 204.85802pt x 153.00551pt.
<biosignals/aami_cube_sym.png, id=299, 462.528pt x 345.4506pt>
File: biosignals/aami_cube_sym.png Graphic file (type png)
<use biosignals/aami_cube_sym.png>
Package pdftex.def Info: biosignals/aami_cube_sym.png  used on input line 391.
(pdftex.def)             Requested size: 204.85802pt x 153.00551pt.
 [56 <./biosignals/aami_logcosh_def.png> <./biosignals/aami_logcosh_sym.png> <.
/biosignals/aami_exp_def.png> <./biosignals/aami_exp_sym.png>]
<biosignals/aami_pica.png, id=307, 462.528pt x 345.4506pt>
File: biosignals/aami_pica.png Graphic file (type png)
<use biosignals/aami_pica.png>
Package pdftex.def Info: biosignals/aami_pica.png  used on input line 406.
(pdftex.def)             Requested size: 204.85802pt x 153.00551pt.
<biosignals/aami_amuse.png, id=308, 462.528pt x 345.4506pt>
File: biosignals/aami_amuse.png Graphic file (type png)
<use biosignals/aami_amuse.png>
Package pdftex.def Info: biosignals/aami_amuse.png  used on input line 413.
(pdftex.def)             Requested size: 204.85802pt x 153.00551pt.
<biosignals/aami_pica_error.png, id=309, 462.528pt x 345.4506pt>
File: biosignals/aami_pica_error.png Graphic file (type png)
<use biosignals/aami_pica_error.png>
Package pdftex.def Info: biosignals/aami_pica_error.png  used on input line 425
.
(pdftex.def)             Requested size: 204.85802pt x 153.00551pt.
<biosignals/aami_amuse_error.png, id=310, 462.528pt x 345.4506pt>
File: biosignals/aami_amuse_error.png Graphic file (type png)
<use biosignals/aami_amuse_error.png>
Package pdftex.def Info: biosignals/aami_amuse_error.png  used on input line 43
2.
(pdftex.def)             Requested size: 204.85802pt x 153.00551pt.
 [57 <./biosignals/aami_cube_def.png> <./biosignals/aami_cube_sym.png> <./biosi
gnals/aami_pica.png> <./biosignals/aami_amuse.png>]
<r01database/r01_12secs.png, id=318, 987.2082pt x 460.3599pt>
File: r01database/r01_12secs.png Graphic file (type png)
<use r01database/r01_12secs.png>
Package pdftex.def Info: r01database/r01_12secs.png  used on input line 454.
(pdftex.def)             Requested size: 426.79134pt x 199.02563pt.
 [58 <./biosignals/aami_pica_error.png> <./biosignals/aami_amuse_error.png>]
<r01database/RR_peaks_annotations.png, id=324, 462.528pt x 345.4506pt>
File: r01database/RR_peaks_annotations.png Graphic file (type png)
<use r01database/RR_peaks_annotations.png>
Package pdftex.def Info: r01database/RR_peaks_annotations.png  used on input li
ne 460.
(pdftex.def)             Requested size: 298.75262pt x 223.14337pt.
<r01database/logcosh_def.png, id=325, 462.528pt x 345.4506pt>
File: r01database/logcosh_def.png Graphic file (type png)
<use r01database/logcosh_def.png>
Package pdftex.def Info: r01database/logcosh_def.png  used on input line 469.
(pdftex.def)             Requested size: 204.85802pt x 153.00551pt.
<r01database/logcosh_sym.png, id=326, 462.528pt x 345.4506pt>
File: r01database/logcosh_sym.png Graphic file (type png)
<use r01database/logcosh_sym.png>
Package pdftex.def Info: r01database/logcosh_sym.png  used on input line 476.
(pdftex.def)             Requested size: 204.85802pt x 153.00551pt.

[59 <./r01database/r01_12secs.png> <./r01database/RR_peaks_annotations.png>]
<r01database/exp_def.png, id=332, 462.528pt x 345.4506pt>
File: r01database/exp_def.png Graphic file (type png)
<use r01database/exp_def.png>
Package pdftex.def Info: r01database/exp_def.png  used on input line 490.
(pdftex.def)             Requested size: 204.85802pt x 153.00551pt.
<r01database/exp_sym.png, id=333, 462.528pt x 345.4506pt>
File: r01database/exp_sym.png Graphic file (type png)
<use r01database/exp_sym.png>
Package pdftex.def Info: r01database/exp_sym.png  used on input line 497.
(pdftex.def)             Requested size: 204.85802pt x 153.00551pt.
<r01database/cube_def.png, id=334, 462.528pt x 345.4506pt>
File: r01database/cube_def.png Graphic file (type png)
<use r01database/cube_def.png>
Package pdftex.def Info: r01database/cube_def.png  used on input line 510.
(pdftex.def)             Requested size: 204.85802pt x 153.00551pt.
<r01database/cube_sym.png, id=335, 462.528pt x 345.4506pt>
File: r01database/cube_sym.png Graphic file (type png)
<use r01database/cube_sym.png>
Package pdftex.def Info: r01database/cube_sym.png  used on input line 517.
(pdftex.def)             Requested size: 204.85802pt x 153.00551pt.

[60 <./r01database/logcosh_def.png> <./r01database/logcosh_sym.png> <./r01datab
ase/exp_def.png> <./r01database/exp_sym.png>]
<r01database/infant_pica.png, id=344, 462.528pt x 345.4506pt>
File: r01database/infant_pica.png Graphic file (type png)
<use r01database/infant_pica.png>
Package pdftex.def Info: r01database/infant_pica.png  used on input line 531.
(pdftex.def)             Requested size: 204.85802pt x 153.00551pt.
<r01database/mother_pica.png, id=345, 462.528pt x 345.4506pt>
File: r01database/mother_pica.png Graphic file (type png)
<use r01database/mother_pica.png>
Package pdftex.def Info: r01database/mother_pica.png  used on input line 536.
(pdftex.def)             Requested size: 204.85802pt x 153.00551pt.


LaTeX Warning: Command \textTau invalid in math mode on input line 539.


LaTeX Warning: Command \textTau invalid in math mode on input line 539.


LaTeX Warning: Command \textTau invalid in math mode on input line 539.


LaTeX Warning: Command \textTau invalid in math mode on input line 539.


LaTeX Warning: Command \textTau invalid in math mode on input line 539.


LaTeX Warning: Command \textTau invalid in math mode on input line 539.


LaTeX Warning: Command \textTau invalid in math mode on input line 539.


LaTeX Warning: Command \textTau invalid in math mode on input line 539.

<r01database/amuse_infant.png, id=346, 462.528pt x 345.4506pt>
File: r01database/amuse_infant.png Graphic file (type png)
<use r01database/amuse_infant.png>
Package pdftex.def Info: r01database/amuse_infant.png  used on input line 548.
(pdftex.def)             Requested size: 204.85802pt x 153.00551pt.
<r01database/amuse_mother.png, id=347, 462.528pt x 345.4506pt>
File: r01database/amuse_mother.png Graphic file (type png)
<use r01database/amuse_mother.png>
Package pdftex.def Info: r01database/amuse_mother.png  used on input line 553.
(pdftex.def)             Requested size: 204.85802pt x 153.00551pt.

LaTeX Warning: Command \textTau invalid in math mode on input line 556.


LaTeX Warning: Command \textTau invalid in math mode on input line 556.


LaTeX Warning: Command \textTau invalid in math mode on input line 556.


LaTeX Warning: Command \textTau invalid in math mode on input line 556.


LaTeX Warning: Command \textTau invalid in math mode on input line 556.


LaTeX Warning: Command \textTau invalid in math mode on input line 556.


LaTeX Warning: Command \textTau invalid in math mode on input line 556.


LaTeX Warning: Command \textTau invalid in math mode on input line 556.

[61 <./r01database/cube_def.png> <./r01database/cube_sym.png> <./r01database/in
fant_pica.png> <./r01database/mother_pica.png>]
<r01database/pica_error.png, id=355, 462.528pt x 345.4506pt>
File: r01database/pica_error.png Graphic file (type png)
<use r01database/pica_error.png>
Package pdftex.def Info: r01database/pica_error.png  used on input line 564.
(pdftex.def)             Requested size: 204.85802pt x 153.00551pt.
<r01database/amuse_error.png, id=356, 462.528pt x 345.4506pt>
File: r01database/amuse_error.png Graphic file (type png)
<use r01database/amuse_error.png>
Package pdftex.def Info: r01database/amuse_error.png  used on input line 570.
(pdftex.def)             Requested size: 204.85802pt x 153.00551pt.
 [62 <./r01database/amuse_infant.png> <./r01database/amuse_mother.png> <./r01da
tabase/pica_error.png> <./r01database/amuse_error.png>]
<daisy/Abdominals.png, id=364, 462.528pt x 345.4506pt>
File: daisy/Abdominals.png Graphic file (type png)
<use daisy/Abdominals.png>
Package pdftex.def Info: daisy/Abdominals.png  used on input line 587.
(pdftex.def)             Requested size: 204.85802pt x 153.00551pt.
<daisy/Thoracic.png, id=365, 462.528pt x 345.4506pt>
File: daisy/Thoracic.png Graphic file (type png)
<use daisy/Thoracic.png>
Package pdftex.def Info: daisy/Thoracic.png  used on input line 593.
(pdftex.def)             Requested size: 204.85802pt x 153.00551pt.
<daisy/maternal_reference.png, id=366, 462.528pt x 345.4506pt>
File: daisy/maternal_reference.png Graphic file (type png)
<use daisy/maternal_reference.png>
Package pdftex.def Info: daisy/maternal_reference.png  used on input line 602.
(pdftex.def)             Requested size: 298.75262pt x 223.14337pt.
<daisy/fft.png, id=367, 462.528pt x 345.4506pt>
File: daisy/fft.png Graphic file (type png)
<use daisy/fft.png>
Package pdftex.def Info: daisy/fft.png  used on input line 609.
(pdftex.def)             Requested size: 298.75262pt x 223.14337pt.
 [63 <./daisy/Abdominals.png> <./daisy/Thoracic.png> <./daisy/maternal_referenc
e.png>]
<daisy/logcosh_def.png, id=374, 462.528pt x 345.4506pt>
File: daisy/logcosh_def.png Graphic file (type png)
<use daisy/logcosh_def.png>
Package pdftex.def Info: daisy/logcosh_def.png  used on input line 618.
(pdftex.def)             Requested size: 204.85802pt x 153.00551pt.
<daisy/logcosh_sym.png, id=375, 462.528pt x 345.4506pt>
File: daisy/logcosh_sym.png Graphic file (type png)
<use daisy/logcosh_sym.png>
Package pdftex.def Info: daisy/logcosh_sym.png  used on input line 625.
(pdftex.def)             Requested size: 204.85802pt x 153.00551pt.
<daisy/exp_def.png, id=376, 462.528pt x 345.4506pt>
File: daisy/exp_def.png Graphic file (type png)
<use daisy/exp_def.png>
Package pdftex.def Info: daisy/exp_def.png  used on input line 638.
(pdftex.def)             Requested size: 204.85802pt x 153.00551pt.
<daisy/exp_sym.png, id=377, 462.528pt x 345.4506pt>
File: daisy/exp_sym.png Graphic file (type png)
<use daisy/exp_sym.png>
Package pdftex.def Info: daisy/exp_sym.png  used on input line 645.
(pdftex.def)             Requested size: 204.85802pt x 153.00551pt.
 [64 <./daisy/fft.png> <./daisy/logcosh_def.png> <./daisy/logcosh_sym.png>]
<daisy/cube_def.png, id=384, 462.528pt x 345.4506pt>
File: daisy/cube_def.png Graphic file (type png)
<use daisy/cube_def.png>
Package pdftex.def Info: daisy/cube_def.png  used on input line 658.
(pdftex.def)             Requested size: 204.85802pt x 153.00551pt.
<daisy/cube_sym.png, id=385, 462.528pt x 345.4506pt>
File: daisy/cube_sym.png Graphic file (type png)
<use daisy/cube_sym.png>
Package pdftex.def Info: daisy/cube_sym.png  used on input line 665.
(pdftex.def)             Requested size: 204.85802pt x 153.00551pt.
<daisy/pica_infant.png, id=386, 550.6974pt x 369.2997pt>
File: daisy/pica_infant.png Graphic file (type png)
<use daisy/pica_infant.png>
Package pdftex.def Info: daisy/pica_infant.png  used on input line 678.
(pdftex.def)             Requested size: 204.85802pt x 137.37694pt.
<daisy/pica_maternal.png, id=387, 462.528pt x 345.4506pt>
File: daisy/pica_maternal.png Graphic file (type png)
<use daisy/pica_maternal.png>
Package pdftex.def Info: daisy/pica_maternal.png  used on input line 683.
(pdftex.def)             Requested size: 204.85802pt x 153.00551pt.


LaTeX Warning: Command \textTau invalid in math mode on input line 687.


LaTeX Warning: Command \textTau invalid in math mode on input line 687.


LaTeX Warning: Command \textTau invalid in math mode on input line 687.


LaTeX Warning: Command \textTau invalid in math mode on input line 687.


LaTeX Warning: Command \textTau invalid in math mode on input line 687.


LaTeX Warning: Command \textTau invalid in math mode on input line 687.


LaTeX Warning: Command \textTau invalid in math mode on input line 687.


LaTeX Warning: Command \textTau invalid in math mode on input line 687.

[65 <./daisy/exp_def.png> <./daisy/exp_sym.png> <./daisy/cube_def.png> <./daisy
/cube_sym.png>]
<daisy/amuse_infant.png, id=395, 462.528pt x 345.4506pt>
File: daisy/amuse_infant.png Graphic file (type png)
<use daisy/amuse_infant.png>
Package pdftex.def Info: daisy/amuse_infant.png  used on input line 695.
(pdftex.def)             Requested size: 204.85802pt x 153.00551pt.
<daisy/amuse_maternal.png, id=396, 462.528pt x 345.4506pt>
File: daisy/amuse_maternal.png Graphic file (type png)
<use daisy/amuse_maternal.png>
Package pdftex.def Info: daisy/amuse_maternal.png  used on input line 700.
(pdftex.def)             Requested size: 204.85802pt x 153.00551pt.


LaTeX Warning: Command \textTau invalid in math mode on input line 704.


LaTeX Warning: Command \textTau invalid in math mode on input line 704.


LaTeX Warning: Command \textTau invalid in math mode on input line 704.


LaTeX Warning: Command \textTau invalid in math mode on input line 704.


LaTeX Warning: Command \textTau invalid in math mode on input line 704.


LaTeX Warning: Command \textTau invalid in math mode on input line 704.


LaTeX Warning: Command \textTau invalid in math mode on input line 704.


LaTeX Warning: Command \textTau invalid in math mode on input line 704.

<daisy/pica_error.png, id=397, 462.528pt x 345.4506pt>
File: daisy/pica_error.png Graphic file (type png)
<use daisy/pica_error.png>
Package pdftex.def Info: daisy/pica_error.png  used on input line 712.
(pdftex.def)             Requested size: 204.85802pt x 153.00551pt.
<daisy/amuse_error.png, id=398, 462.528pt x 345.4506pt>
File: daisy/amuse_error.png Graphic file (type png)
<use daisy/amuse_error.png>
Package pdftex.def Info: daisy/amuse_error.png  used on input line 718.
(pdftex.def)             Requested size: 204.85802pt x 153.00551pt.
[66 <./daisy/pica_infant.png> <./daisy/pica_maternal.png> <./daisy/amuse_infant
.png> <./daisy/amuse_maternal.png>] [67 <./daisy/pica_error.png> <./daisy/amuse
_error.png>]) [68]
\textKappa \textepsilon \textphi \acctonos \textalpha \textlambda \textalpha \t
extiota \textomicron  6.
(Chapters/chapter6.tex [69

]) [70]
\textPi \textalpha \textrho \acctonos \textalpha \textrho \texttau \texteta \te
xtmu \textalpha  \MakeUppercase {\textalpha \anw@true \anw@print \relax }.
LaTeX Info: Redefining \anw@print on input line 118.
(Chapters/appendix.tex
Overfull \hbox (32.59172pt too wide) in paragraph at lines 1--3
\LGR/cmr/m/n/12 Oi kdi-kec e-nai [][]\OT1/cmr/m/n/12 Python [][]\LGR/cmr/m/n/
12 me qrsh twn bi-blio-jh-kn [][]\OT1/cmr/m/n/12 NumPy[[]], SciPy[[]] [][]\LG
R/cmr/m/n/12 kai [][]\OT1/cmr/m/n/12 matplotlib[[]].
 []

(_minted-main/default-pyg-prefix.pygstyle) (_minted-main/default.pygstyle)
(_minted-main/79502781614F3AB175C3F987132260941BD61C49EAACE75780CE578542A79C56.
pygtex
LaTeX Font Info:    Font shape `OT1/cmtt/bx/n' in size <8> not available
(Font)              Font shape `OT1/cmtt/m/n' tried instead on input line 2.
LaTeX Font Info:    Try loading font information for TS1+cmtt on input line 8.

("C:\Users\Labis Papakwstas\AppData\Local\Programs\MiKTeX 2.9\tex/latex/base\ts
1cmtt.fd"
File: ts1cmtt.fd 2014/09/29 v2.5h Standard LaTeX font definitions
) [71

]) [72]
(_minted-main/B2984E30522E74AD5EFDFF48369A17230124500543C58F64E7B8E2395FE5FB8A.
pygtex) [73]
(_minted-main/5CE674A02EBF65CD9B758614D8ECDEBE90DCA499116915DC3BC7E54619BA69FA.
pygtex) [74]
(_minted-main/3E99588532DECDE8862E67BB889451D07133CDE1AB5162D9A179D3B34D0F7B70.
pygtex [75] [76]) [77]
(_minted-main/F7E2CC5E7F545FCDA4324A51A5B042DF58C095B3724F142EFDCBE92146DB13F3.
pygtex) [78]
(_minted-main/7B6D84F32491A7E3995921D9A4C6886A425A8D39CE966162934E2E682AE756AA.
pygtex) [79]
(_minted-main/AE15C63218D8992F0B02D5E7E53633DDA7B73C08BB0CA5F5D605576FD784CF97.
pygtex) [80]
(_minted-main/2157FB0D9B6A27930C6ED1639D60213BCB86C8D4FDE971C94A4DFF183EBAABE0.
pygtex
LaTeX Font Info:    Try loading font information for LGR+cmtt on input line 10.


("C:\Users\Labis Papakwstas\AppData\Local\Programs\MiKTeX 2.9\tex/latex/cbfonts
-fd\lgrcmtt.fd"
File: lgrcmtt.fd 2017/07/29 v1.2 Greek European Computer Typewriter
)) [81]
(_minted-main/7F807D7F0EBA24ACDC30BEC93451611581C04C56064D978ED3E94A625E8AF5CA.
pygtex) [82]
(_minted-main/E84176DB47892FEA6B873DE0733D3C078A21A6A4AD95696FB74F1CFF78F09621.
pygtex) [83]
(_minted-main/995CA977E6F2ED71F57642A946DDB6F0DF915889CC64490AA8961F0D13BFD549.
pygtex)) (main.bbl [84]

LaTeX Font Warning: Font shape `OT1/cmr/m/n' in size <29.86> not available
(Font)              size <24.88> substituted on input line 1.


Underfull \hbox (badness 1622) in paragraph at lines 12--15
[]\LGR/cmr/m/n/12 I\OT1/cmr/m/n/12 .\LGR/cmr/m/n/12 A\OT1/cmr/m/n/12 .\LGR/cmr/
m/n/12 Koutroublhc\OT1/cmr/m/n/12 , \LGR/cmr/m/it/12 Efar\TS1/cmr/m/it/12 \LG
R/cmr/m/it/12 os\TS1/cmr/m/it/12 \LGR/cmr/m/it/12 nec Pi-janthtec kai Statis
-tik\OT1/cmr/m/n/12 .  \LGR/cmr/m/n/12 Ekd-seic
 []


Underfull \hbox (badness 3930) in paragraph at lines 48--51
[]\OT1/cmr/m/n/12 B. M.V, ``\LGR/cmr/m/n/12 Sh\TS1/cmr/m/n/12 \LGR/cmr/m/n/12 
eiseic Statis-tikc \OT1/cmr/m/n/12 3,'' \LGR/cmr/m/it/12 T\TS1/cmr/m/it/12 \
LGR/cmr/m/it/12 \TS1/cmr/m/it/12 \LGR/cmr/m/it/12 a Oikono\TS1/cmr/m/it/12 \
LGR/cmr/m/it/12 ikc Epist\TS1/cmr/m/it/12 \LGR/cmr/m/it/12 hc\OT1/cmr/m/it/1
2 ,
 []

[85

]) [86] (main.aux (intro/titlepage.aux) (intro/certification.aux)
(intro/about.aux) (intro/summary.aux) (intro/acknowledgements.aux))

LaTeX Font Warning: Size substitutions with differences
(Font)              up to 4.98pt have occurred.

 ) 
Here is how much of TeX's memory you used:
 12894 strings out of 492946
 221234 string characters out of 3121380
 341610 words of memory out of 3000000
 16363 multiletter control sequences out of 15000+200000
 34688 words of font info for 78 fonts, out of 3000000 for 9000
 1141 hyphenation exceptions out of 8191
 37i,17n,39p,3059b,4932s stack positions out of 5000i,500n,10000p,200000b,50000s
 <C:\Users\Labis Papakwstas\AppData\Local\MiKTeX\2.9\fonts/pk/ljfour/jknappen
/ec/dpi600\tcit0800.pk> <C:\Users\Labis Papakwstas\AppData\Local\MiKTeX\2.9\fon
ts/pk/ljfour/jknappen/ec/dpi600\tctt0800.pk> <C:\Users\Labis Papakwstas\AppData
\Local\MiKTeX\2.9\fonts/pk/ljfour/jknappen/ec/dpi600\tcbx1728.pk> <C:\Users\Lab
is Papakwstas\AppData\Local\MiKTeX\2.9\fonts/pk/ljfour/jknappen/ec/dpi600\tcbx1
200.pk> <C:\Users\Labis Papakwstas\AppData\Local\MiKTeX\2.9\fonts/pk/ljfour/jkn
appen/ec/dpi600\tcti1200.pk> <C:\Users\Labis Papakwstas\AppData\Local\MiKTeX\2.
9\fonts/pk/ljfour/jknappen/ec/dpi600\tcrm1200.pk><C:/Users/Labis Papakwstas/App
Data/Local/Programs/MiKTeX 2.9/fonts/type1/public/amsfonts/cm/cmbx10.pfb><C:/Us
ers/Labis Papakwstas/AppData/Local/Programs/MiKTeX 2.9/fonts/type1/public/amsfo
nts/cm/cmbx12.pfb><C:/Users/Labis Papakwstas/AppData/Local/Programs/MiKTeX 2.9/
fonts/type1/public/amsfonts/cm/cmbx8.pfb><C:/Users/Labis Papakwstas/AppData/Loc
al/Programs/MiKTeX 2.9/fonts/type1/public/amsfonts/cm/cmex10.pfb><C:/Users/Labi
s Papakwstas/AppData/Local/Programs/MiKTeX 2.9/fonts/type1/public/amsfonts/cm/c
mitt10.pfb><C:/Users/Labis Papakwstas/AppData/Local/Programs/MiKTeX 2.9/fonts/t
ype1/public/amsfonts/cm/cmmi12.pfb><C:/Users/Labis Papakwstas/AppData/Local/Pro
grams/MiKTeX 2.9/fonts/type1/public/amsfonts/cm/cmmi6.pfb><C:/Users/Labis Papak
wstas/AppData/Local/Programs/MiKTeX 2.9/fonts/type1/public/amsfonts/cm/cmmi8.pf
b><C:/Users/Labis Papakwstas/AppData/Local/Programs/MiKTeX 2.9/fonts/type1/publ
ic/amsfonts/cm/cmr10.pfb><C:/Users/Labis Papakwstas/AppData/Local/Programs/MiKT
eX 2.9/fonts/type1/public/amsfonts/cm/cmr12.pfb><C:/Users/Labis Papakwstas/AppD
ata/Local/Programs/MiKTeX 2.9/fonts/type1/public/amsfonts/cm/cmr17.pfb><C:/User
s/Labis Papakwstas/AppData/Local/Programs/MiKTeX 2.9/fonts/type1/public/amsfont
s/cm/cmr6.pfb><C:/Users/Labis Papakwstas/AppData/Local/Programs/MiKTeX 2.9/font
s/type1/public/amsfonts/cm/cmr8.pfb><C:/Users/Labis Papakwstas/AppData/Local/Pr
ograms/MiKTeX 2.9/fonts/type1/public/amsfonts/cm/cmsy10.pfb><C:/Users/Labis Pap
akwstas/AppData/Local/Programs/MiKTeX 2.9/fonts/type1/public/amsfonts/cm/cmsy6.
pfb><C:/Users/Labis Papakwstas/AppData/Local/Programs/MiKTeX 2.9/fonts/type1/pu
blic/amsfonts/cm/cmsy8.pfb><C:/Users/Labis Papakwstas/AppData/Local/Programs/Mi
KTeX 2.9/fonts/type1/public/amsfonts/cm/cmti12.pfb><C:/Users/Labis Papakwstas/A
ppData/Local/Programs/MiKTeX 2.9/fonts/type1/public/amsfonts/cm/cmtt12.pfb><C:/
Users/Labis Papakwstas/AppData/Local/Programs/MiKTeX 2.9/fonts/type1/public/ams
fonts/cm/cmtt8.pfb><C:/Users/Labis Papakwstas/AppData/Local/Programs/MiKTeX 2.9
/fonts/type1/public/cbgreek/grmi1200.pfb><C:/Users/Labis Papakwstas/AppData/Loc
al/Programs/MiKTeX 2.9/fonts/type1/public/cbgreek/grmi1440.pfb><C:/Users/Labis 
Papakwstas/AppData/Local/Programs/MiKTeX 2.9/fonts/type1/public/cbgreek/grmi172
8.pfb><C:/Users/Labis Papakwstas/AppData/Local/Programs/MiKTeX 2.9/fonts/type1/
public/cbgreek/grmn1095.pfb><C:/Users/Labis Papakwstas/AppData/Local/Programs/M
iKTeX 2.9/fonts/type1/public/cbgreek/grmn1200.pfb><C:/Users/Labis Papakwstas/Ap
pData/Local/Programs/MiKTeX 2.9/fonts/type1/public/cbgreek/grmn1440.pfb><C:/Use
rs/Labis Papakwstas/AppData/Local/Programs/MiKTeX 2.9/fonts/type1/public/cbgree
k/grmn1728.pfb><C:/Users/Labis Papakwstas/AppData/Local/Programs/MiKTeX 2.9/fon
ts/type1/public/cbgreek/grmn2074.pfb><C:/Users/Labis Papakwstas/AppData/Local/P
rograms/MiKTeX 2.9/fonts/type1/public/cbgreek/grxi1095.pfb><C:/Users/Labis Papa
kwstas/AppData/Local/Programs/MiKTeX 2.9/fonts/type1/public/cbgreek/grxn1095.pf
b><C:/Users/Labis Papakwstas/AppData/Local/Programs/MiKTeX 2.9/fonts/type1/publ
ic/cbgreek/grxn1200.pfb><C:/Users/Labis Papakwstas/AppData/Local/Programs/MiKTe
X 2.9/fonts/type1/public/cbgreek/grxn1440.pfb><C:/Users/Labis Papakwstas/AppDat
a/Local/Programs/MiKTeX 2.9/fonts/type1/public/cbgreek/grxn1728.pfb><C:/Users/L
abis Papakwstas/AppData/Local/Programs/MiKTeX 2.9/fonts/type1/public/cbgreek/gr
xn2488.pfb><C:/Users/Labis Papakwstas/AppData/Local/Programs/MiKTeX 2.9/fonts/t
ype1/public/cbgreek/grxn2986.pfb><C:/Users/Labis Papakwstas/AppData/Local/Progr
ams/MiKTeX 2.9/fonts/type1/public/cbgreek/gtti0800.pfb><C:/Users/Labis Papakwst
as/AppData/Local/Programs/MiKTeX 2.9/fonts/type1/public/amsfonts/symbols/msbm10
.pfb>
Output written on main.pdf (93 pages, 4488875 bytes).
PDF statistics:
 616 PDF objects out of 1000 (max. 8388607)
 0 named destinations out of 1000 (max. 500000)
 351 words of extra memory for PDF output out of 10000 (max. 10000000)

